#
# A fatal error has been detected by the Java Runtime Environment:
#
#  EXCEPTION_ACCESS_VIOLATION (0xc0000005) at pc=0x00007ffe75472b60, pid=9096, tid=15952
#
# JRE version: OpenJDK Runtime Environment Temurin-17.0.9+9 (17.0.9+9) (build 17.0.9+9)
# Java VM: OpenJDK 64-Bit Server VM Temurin-17.0.9+9 (17.0.9+9, mixed mode, sharing, tiered, compressed oops, compressed class ptrs, g1 gc, windows-amd64)
# Problematic frame:
# C  [atio6axx.dll+0x192b60]
#
# No core dump will be written. Minidumps are not enabled by default on client versions of Windows
#
# If you would like to submit a bug report, please visit:
#   https://github.com/adoptium/adoptium-support/issues
# The crash happened outside the Java Virtual Machine in native code.
# See problematic frame for where to report the bug.
#

---------------  S U M M A R Y ------------

Command Line: -Dforge.enableGameTest=true -Dforge.logging.console.level=debug -Dforge.logging.markers=REGISTRIES -DignoreList=bootstraplauncher,securejarhandler,asm-commons,asm-util,asm-analysis,asm-tree,asm,JarJarFileSystems,client-extra,fmlcore,javafmllanguage,lowcodelanguage,mclanguage,forge- -Djava.net.preferIPv6Addresses=system -DlegacyClassPath.file=C:\Users\habibii\MCreatorWorkspaces\chaincraft\build\classpath\runClient_minecraftClasspath.txt -DmergeModules=jna-5.10.0.jar,jna-platform-5.10.0.jar --module-path=C:\Users\habibii\.mcreator\gradle\caches\modules-2\files-2.1\cpw.mods\bootstraplauncher\1.1.2\c546e00443d8432cda6baa1c860346980742628\bootstraplauncher-1.1.2.jar;C:\Users\habibii\.mcreator\gradle\caches\modules-2\files-2.1\cpw.mods\securejarhandler\2.1.10\51e6a22c6c716beb11e244bf5b8be480f51dd6b5\securejarhandler-2.1.10.jar;C:\Users\habibii\.mcreator\gradle\caches\modules-2\files-2.1\org.ow2.asm\asm-commons\9.5\19ab5b5800a3910d30d3a3e64fdb00fd0cb42de0\asm-commons-9.5.jar;C:\Users\habibii\.mcreator\gradle\caches\modules-2\files-2.1\org.ow2.asm\asm-util\9.5\64b5a1fc8c1b15ed2efd6a063e976bc8d3dc5ffe\asm-util-9.5.jar;C:\Users\habibii\.mcreator\gradle\caches\modules-2\files-2.1\org.ow2.asm\asm-analysis\9.5\490bacc77de7cbc0be1a30bb3471072d705be4a4\asm-analysis-9.5.jar;C:\Users\habibii\.mcreator\gradle\caches\modules-2\files-2.1\org.ow2.asm\asm-tree\9.5\fd33c8b6373abaa675be407082fdfda35021254a\asm-tree-9.5.jar;C:\Users\habibii\.mcreator\gradle\caches\modules-2\files-2.1\org.ow2.asm\asm\9.5\dc6ea1875f4d64fbc85e1691c95b96a3d8569c90\asm-9.5.jar;C:\Users\habibii\.mcreator\gradle\caches\modules-2\files-2.1\net.minecraftforge\JarJarFileSystems\0.3.19\2464eb7d6b9ddb9db36a82cf8a95193e5c6fe020\JarJarFileSystems-0.3.19.jar --add-modules=ALL-MODULE-PATH --add-opens=java.base/java.util.jar=cpw.mods.securejarhandler --add-opens=java.base/java.lang.invoke=cpw.mods.securejarhandler --add-exports=java.base/sun.security.util=cpw.mods.securejarhandler --add-exports=jdk.naming.dns/com.sun.jndi.dns=java.naming -XX:HeapDumpPath=MojangTricksIntelDriversForPerformance_javaw.exe_minecraft.exe.heapdump -Dfile.encoding=UTF-8 -Duser.country=US -Duser.language=en -Duser.variant cpw.mods.bootstraplauncher.BootstrapLauncher --launchTarget forgeclientuserdev --version MOD_DEV --assetIndex 5 --assetsDir C:\Users\habibii\.mcreator\gradle\caches\forge_gradle\assets --gameDir . --fml.forgeVersion 47.2.0 --fml.mcVersion 1.20.1 --fml.forgeGroup net.minecraftforge --fml.mcpVersion 20230612.114412

Host: AMD Ryzen 5 1600 Six-Core Processor            , 12 cores, 15G,  Windows 10 , 64 bit Build 19041 (10.0.19041.3636)
Time: Sun Mar 31 11:16:24 2024  Windows 10 , 64 bit Build 19041 (10.0.19041.3636) elapsed time: 4.638414 seconds (0d 0h 0m 4s)

---------------  T H R E A D  ---------------

Current thread (0x00000244c17d3980):  JavaThread "main" [_thread_in_native, id=15952, stack(0x000000ee15000000,0x000000ee15100000)]

Stack: [0x000000ee15000000,0x000000ee15100000],  sp=0x000000ee150fb598,  free space=1005k
Native frames: (J=compiled Java code, j=interpreted, Vv=VM code, C=native code)
C  [atio6axx.dll+0x192b60]

Java frames: (J=compiled Java code, j=interpreted, Vv=VM code)
j  org.lwjgl.system.JNI.invokePPPP(IIJJJJ)J+0 org.lwjgl@3.3.1+7
j  org.lwjgl.glfw.GLFW.nglfwCreateWindow(IIJJJ)J+14 org.lwjgl.glfw@3.3.1+7
j  org.lwjgl.glfw.GLFW.glfwCreateWindow(IILjava/lang/CharSequence;JJ)J+34 org.lwjgl.glfw@3.3.1+7
j  net.minecraftforge.fml.earlydisplay.DisplayWindow.initWindow(Ljava/lang/String;)V+408 fmlearlydisplay@1.20.1-47.2.0
j  net.minecraftforge.fml.earlydisplay.DisplayWindow.start(Ljava/lang/String;Ljava/lang/String;)Ljava/lang/Runnable;+14 fmlearlydisplay@1.20.1-47.2.0
j  net.minecraftforge.fml.earlydisplay.DisplayWindow.initialize([Ljava/lang/String;)Ljava/lang/Runnable;+410 fmlearlydisplay@1.20.1-47.2.0
j  net.minecraftforge.fml.loading.ImmediateWindowHandler.load(Ljava/lang/String;[Ljava/lang/String;)V+180 fmlloader@1.20.1-47.2.0
j  net.minecraftforge.fml.loading.ModDirTransformerDiscoverer.earlyInitialization(Ljava/lang/String;[Ljava/lang/String;)V+2 fmlloader@1.20.1-47.2.0
j  cpw.mods.modlauncher.TransformationServicesHandler.lambda$discoverServices$18(Lcpw/mods/modlauncher/ArgumentHandler$DiscoveryData;Lcpw/mods/modlauncher/serviceapi/ITransformerDiscoveryService;)V+9 cpw.mods.modlauncher@10.0.9
j  cpw.mods.modlauncher.TransformationServicesHandler$$Lambda$418+0x00000244e61d71d0.accept(Ljava/lang/Object;)V+8 cpw.mods.modlauncher@10.0.9
j  java.lang.Iterable.forEach(Ljava/util/function/Consumer;)V+30 java.base@17.0.9
j  cpw.mods.modlauncher.TransformationServicesHandler.discoverServices(Lcpw/mods/modlauncher/ArgumentHandler$DiscoveryData;)V+145 cpw.mods.modlauncher@10.0.9
j  cpw.mods.modlauncher.Launcher.run([Ljava/lang/String;)V+14 cpw.mods.modlauncher@10.0.9
j  cpw.mods.modlauncher.Launcher.main([Ljava/lang/String;)V+78 cpw.mods.modlauncher@10.0.9
j  cpw.mods.modlauncher.BootstrapLaunchConsumer.accept([Ljava/lang/String;)V+1 cpw.mods.modlauncher@10.0.9
j  cpw.mods.modlauncher.BootstrapLaunchConsumer.accept(Ljava/lang/Object;)V+5 cpw.mods.modlauncher@10.0.9
j  cpw.mods.bootstraplauncher.BootstrapLauncher.main([Ljava/lang/String;)V+515 cpw.mods.bootstraplauncher@1.1.2
v  ~StubRoutines::call_stub

siginfo: EXCEPTION_ACCESS_VIOLATION (0xc0000005), reading address 0xffffffffffffffff


Registers:
RAX=0x0000000000000000, RBX=0x00007ffe78cb33b0, RCX=0x3263643862616132, RDX=0x00000000000000d1
RSP=0x000000ee150fb598, RBP=0x000000ee150fb700, RSI=0x00007ffe78bc2d40, RDI=0x000000ee150fb9f0
R8 =0x00000000000001a5, R9 =0x3263643862616132, R10=0x0000000000000000, R11=0x0000000000000200
R12=0x00007ffe78cb3408, R13=0x00007ffe78cb5c08, R14=0x00007ffe78cb33b0, R15=0x0000000000000000
RIP=0x00007ffe75472b60, EFLAGS=0x0000000000010206


Register to memory mapping:

RIP=0x00007ffe75472b60 atio6axx.dll
RAX=0x0 is NULL
RBX=0x00007ffe78cb33b0 atio6axx.dll
RCX=0x3263643862616132 is an unknown value
RDX=0x00000000000000d1 is an unknown value
RSP=0x000000ee150fb598 is pointing into the stack for thread: 0x00000244c17d3980
RBP=0x000000ee150fb700 is pointing into the stack for thread: 0x00000244c17d3980
RSI=0x00007ffe78bc2d40 atio6axx.dll
RDI=0x000000ee150fb9f0 is pointing into the stack for thread: 0x00000244c17d3980
R8 =0x00000000000001a5 is an unknown value
R9 =0x3263643862616132 is an unknown value
R10=0x0 is NULL
R11=0x0000000000000200 is an unknown value
R12=0x00007ffe78cb3408 atio6axx.dll
R13=0x00007ffe78cb5c08 atio6axx.dll
R14=0x00007ffe78cb33b0 atio6axx.dll
R15=0x0 is NULL


Top of Stack: (sp=0x000000ee150fb598)
0x000000ee150fb598:   00007ffe75472e7c 00007ffe78cb6020
0x000000ee150fb5a8:   000002452c8f99d8 0000000000000000
0x000000ee150fb5b8:   00007ffe75473e8d 000000ee150fb9f0
0x000000ee150fb5c8:   00007ffe7542f484 00007ffe78cb33b0
0x000000ee150fb5d8:   00007ffe78bc2d40 0000652e6176616a
0x000000ee150fb5e8:   00004e46c458a975 000000ee150fb9f0
0x000000ee150fb5f8:   00007ffe75430457 00007ffe78cb33b8
0x000000ee150fb608:   00007ffe78bc2d40 00007ffe78bc2d40
0x000000ee150fb618:   000002452e5a9dac 00007ffe78cb33b0
0x000000ee150fb628:   00007ffe00000000 0000000000000009
0x000000ee150fb638:   000002452e5a9f5c 000002452e5aa0b8
0x000000ee150fb648:   00007ffe78cb33b8 000000ee150fb9f0
0x000000ee150fb658:   000000ee150fb7a7 00007f006176616a
0x000000ee150fb668:   00007f006176616a 46676e697274535c
0x000000ee150fb678:   5c6f666e49656c69 3062343039303430
0x000000ee150fb688:   726556656c69465c 000000006e6f6973
0x000000ee150fb698:   0000000000000000 0000000000000000
0x000000ee150fb6a8:   0000000000000000 0000000a0000011c
0x000000ee150fb6b8:   00004a6500000000 0000000000000002
0x000000ee150fb6c8:   0000000000000000 0000000000000000
0x000000ee150fb6d8:   0000000000000000 0000000000000000
0x000000ee150fb6e8:   0000000000000000 0000000000000000
0x000000ee150fb6f8:   0000000000000000 0000000000000000
0x000000ee150fb708:   0000000000000000 0000000000000000
0x000000ee150fb718:   0000000000000000 0000000000000000
0x000000ee150fb728:   0000000000000000 0000000000000000
0x000000ee150fb738:   0000000000000000 0000000000000000
0x000000ee150fb748:   0000000000000000 0000000000000000
0x000000ee150fb758:   0000000000000000 0000000000000000
0x000000ee150fb768:   0000000000000000 0000000000000000
0x000000ee150fb778:   0000000000000000 72676f72505c3a43
0x000000ee150fb788:   73656c6946206d61 434d5c6f6c79505c 

Instructions: (pc=0x00007ffe75472b60)
0x00007ffe75472a60:   74 09 33 c9 ff 15 e6 89 66 03 90 48 8b c3 48 83
0x00007ffe75472a70:   c4 20 5b c3 cc cc cc cc cc cc cc cc cc cc cc cc
0x00007ffe75472a80:   48 83 ec 28 48 8b 51 08 48 85 d2 74 09 33 c9 ff
0x00007ffe75472a90:   15 bb 89 66 03 90 48 83 c4 28 c3 cc cc cc cc cc
0x00007ffe75472aa0:   48 89 11 c3 cc cc cc cc cc cc cc cc cc cc cc cc
0x00007ffe75472ab0:   48 8b c1 c3 cc cc cc cc cc cc cc cc cc cc cc cc
0x00007ffe75472ac0:   48 3b ca 74 10 41 8b 00 39 01 74 09 48 83 c1 04
0x00007ffe75472ad0:   48 3b ca 75 f3 48 8b c1 c3 cc cc cc cc cc cc cc
0x00007ffe75472ae0:   48 8b c1 c3 cc cc cc cc cc cc cc cc cc cc cc cc
0x00007ffe75472af0:   48 83 39 00 0f 94 c0 c3 cc cc cc cc cc cc cc cc
0x00007ffe75472b00:   4c 8d 04 d5 00 00 00 00 33 d2 e9 c1 d0 dd 01 cc
0x00007ffe75472b10:   4c 8b 41 08 48 8b 02 49 89 00 48 83 41 08 08 c3
0x00007ffe75472b20:   48 8b c1 c3 cc cc cc cc cc cc cc cc cc cc cc cc
0x00007ffe75472b30:   48 8b c1 c3 cc cc cc cc cc cc cc cc cc cc cc cc
0x00007ffe75472b40:   49 8b 00 48 89 02 c3 cc cc cc cc cc cc cc cc cc
0x00007ffe75472b50:   8b 81 40 39 00 00 c3 cc cc cc cc cc cc cc cc cc
0x00007ffe75472b60:   8b 81 40 39 00 00 83 c0 f0 83 f8 67 0f 87 5a 01
0x00007ffe75472b70:   00 00 48 8d 15 87 d4 e6 ff 0f b6 84 02 f0 2c 19
0x00007ffe75472b80:   00 8b 8c 82 d0 2c 19 00 48 03 ca ff e1 48 8b 0d
0x00007ffe75472b90:   6c 6f 7e 03 83 b9 b4 34 00 00 02 0f 87 2b 01 00
0x00007ffe75472ba0:   00 48 8d 91 0c 29 00 00 c7 02 e1 00 00 00 e9 ce
0x00007ffe75472bb0:   00 00 00 48 8b 0d 46 6f 7e 03 83 b9 b4 34 00 00
0x00007ffe75472bc0:   02 0f 87 05 01 00 00 48 8d 91 0c 29 00 00 c7 02
0x00007ffe75472bd0:   f0 00 00 00 e9 a8 00 00 00 48 8b 0d 20 6f 7e 03
0x00007ffe75472be0:   83 b9 b4 34 00 00 02 0f 87 df 00 00 00 48 8d 91
0x00007ffe75472bf0:   0c 29 00 00 c7 02 00 04 00 00 e9 82 00 00 00 48
0x00007ffe75472c00:   8b 0d fa 6e 7e 03 83 b9 b4 34 00 00 02 0f 87 b9
0x00007ffe75472c10:   00 00 00 48 8d 91 0c 29 00 00 c7 02 00 08 00 00
0x00007ffe75472c20:   eb 5f 48 8b 0d d7 6e 7e 03 83 b9 b4 34 00 00 02
0x00007ffe75472c30:   0f 87 96 00 00 00 48 8d 91 0c 29 00 00 c7 02 00
0x00007ffe75472c40:   09 00 00 eb 3c 48 8b 0d b4 6e 7e 03 83 b9 b4 34
0x00007ffe75472c50:   00 00 02 77 77 48 8d 91 0c 29 00 00 c7 02 3c 0f 


Stack slot to memory mapping:
stack at sp + 0 slots: 0x00007ffe75472e7c atio6axx.dll
stack at sp + 1 slots: 0x00007ffe78cb6020 atio6axx.dll
stack at sp + 2 slots: 0x000002452c8f99d8 points into unknown readable memory: 0x00007ffe784bf5f0 | f0 f5 4b 78 fe 7f 00 00
stack at sp + 3 slots: 0x0 is NULL
stack at sp + 4 slots: 0x00007ffe75473e8d atio6axx.dll
stack at sp + 5 slots: 0x000000ee150fb9f0 is pointing into the stack for thread: 0x00000244c17d3980
stack at sp + 6 slots: 0x00007ffe7542f484 atio6axx.dll
stack at sp + 7 slots: 0x00007ffe78cb33b0 atio6axx.dll


---------------  P R O C E S S  ---------------

Threads class SMR info:
_java_thread_list=0x000002452df8a900, length=15, elements={
0x00000244c17d3980, 0x00000244e448f480, 0x00000244e44920d0, 0x00000244e44aba40,
0x00000244e44ac310, 0x00000244e44acbe0, 0x00000244e44ad4b0, 0x00000244e44b3670,
0x00000244e44be050, 0x00000244e44bf140, 0x000002452615d6b0, 0x000002452616d350,
0x000002452632b360, 0x00000245268f0a80, 0x000002452b21fd90
}

Java Threads: ( => current thread )
=>0x00000244c17d3980 JavaThread "main" [_thread_in_native, id=15952, stack(0x000000ee15000000,0x000000ee15100000)]
  0x00000244e448f480 JavaThread "Reference Handler" daemon [_thread_blocked, id=14584, stack(0x000000ee15700000,0x000000ee15800000)]
  0x00000244e44920d0 JavaThread "Finalizer" daemon [_thread_blocked, id=8180, stack(0x000000ee15800000,0x000000ee15900000)]
  0x00000244e44aba40 JavaThread "Signal Dispatcher" daemon [_thread_blocked, id=14652, stack(0x000000ee15900000,0x000000ee15a00000)]
  0x00000244e44ac310 JavaThread "Attach Listener" daemon [_thread_blocked, id=1368, stack(0x000000ee15a00000,0x000000ee15b00000)]
  0x00000244e44acbe0 JavaThread "Service Thread" daemon [_thread_blocked, id=4932, stack(0x000000ee15b00000,0x000000ee15c00000)]
  0x00000244e44ad4b0 JavaThread "Monitor Deflation Thread" daemon [_thread_blocked, id=9620, stack(0x000000ee15c00000,0x000000ee15d00000)]
  0x00000244e44b3670 JavaThread "C2 CompilerThread0" daemon [_thread_blocked, id=9164, stack(0x000000ee15d00000,0x000000ee15e00000)]
  0x00000244e44be050 JavaThread "C1 CompilerThread0" daemon [_thread_blocked, id=14864, stack(0x000000ee15e00000,0x000000ee15f00000)]
  0x00000244e44bf140 JavaThread "Sweeper thread" daemon [_thread_blocked, id=14340, stack(0x000000ee15f00000,0x000000ee16000000)]
  0x000002452615d6b0 JavaThread "Common-Cleaner" daemon [_thread_blocked, id=8612, stack(0x000000ee16000000,0x000000ee16100000)]
  0x000002452616d350 JavaThread "C2 CompilerThread1" daemon [_thread_blocked, id=1544, stack(0x000000ee16100000,0x000000ee16200000)]
  0x000002452632b360 JavaThread "Notification Thread" daemon [_thread_blocked, id=10244, stack(0x000000ee16200000,0x000000ee16300000)]
  0x00000245268f0a80 JavaThread "C2 CompilerThread2" daemon [_thread_blocked, id=10688, stack(0x000000ee16900000,0x000000ee16a00000)]
  0x000002452b21fd90 JavaThread "pool-2-thread-1" daemon [_thread_blocked, id=1964, stack(0x000000ee16e00000,0x000000ee16f00000)]

Other Threads:
  0x00000244e4488940 VMThread "VM Thread" [stack: 0x000000ee15600000,0x000000ee15700000] [id=4740]
  0x00000244c17d4850 WatcherThread [stack: 0x000000ee16300000,0x000000ee16400000] [id=16040]
  0x00000244c183efa0 GCTaskThread "GC Thread#0" [stack: 0x000000ee15100000,0x000000ee15200000] [id=13896]
  0x000002452694b470 GCTaskThread "GC Thread#1" [stack: 0x000000ee16400000,0x000000ee16500000] [id=13980]
  0x000002452694b730 GCTaskThread "GC Thread#2" [stack: 0x000000ee16500000,0x000000ee16600000] [id=10652]
  0x000002452694c000 GCTaskThread "GC Thread#3" [stack: 0x000000ee16600000,0x000000ee16700000] [id=8068]
  0x0000024526809f80 GCTaskThread "GC Thread#4" [stack: 0x000000ee16700000,0x000000ee16800000] [id=11052]
  0x000002452680a240 GCTaskThread "GC Thread#5" [stack: 0x000000ee16800000,0x000000ee16900000] [id=13488]
  0x000002452e1f6d00 GCTaskThread "GC Thread#6" [stack: 0x000000ee16a00000,0x000000ee16b00000] [id=12344]
  0x00000244c1850d50 ConcurrentGCThread "G1 Main Marker" [stack: 0x000000ee15200000,0x000000ee15300000] [id=14796]
  0x00000244c1851e20 ConcurrentGCThread "G1 Conc#0" [stack: 0x000000ee15300000,0x000000ee15400000] [id=7792]
  0x00000244e43c3fe0 ConcurrentGCThread "G1 Refine#0" [stack: 0x000000ee15400000,0x000000ee15500000] [id=12204]
  0x00000244e43c4920 ConcurrentGCThread "G1 Service" [stack: 0x000000ee15500000,0x000000ee15600000] [id=10068]

Threads with active compile tasks:

VM state: not at safepoint (normal execution)

VM Mutex/Monitor currently owned by a thread: None

Heap address: 0x0000000700c00000, size: 4084 MB, Compressed Oops mode: Zero based, Oop shift amount: 3

CDS archive(s) mapped at: [0x00000244e5000000-0x00000244e5ba0000-0x00000244e5ba0000), size 12189696, SharedBaseAddress: 0x00000244e5000000, ArchiveRelocationMode: 1.
Compressed class space mapped at: 0x00000244e6000000-0x0000024526000000, reserved size: 1073741824
Narrow klass base: 0x00000244e5000000, Narrow klass shift: 0, Narrow klass range: 0x100000000

GC Precious Log:
 CPUs: 12 total, 12 available
 Memory: 16332M
 Large Page Support: Disabled
 NUMA Support: Disabled
 Compressed Oops: Enabled (Zero based)
 Heap Region Size: 2M
 Heap Min Capacity: 8M
 Heap Initial Capacity: 256M
 Heap Max Capacity: 4084M
 Pre-touch: Disabled
 Parallel Workers: 10
 Concurrent Workers: 3
 Concurrent Refinement Workers: 10
 Periodic GC: Disabled

Heap:
 garbage-first heap   total 262144K, used 126807K [0x0000000700c00000, 0x0000000800000000)
  region size 2048K, 53 young (108544K), 7 survivors (14336K)
 Metaspace       used 16609K, committed 16960K, reserved 1114112K
  class space    used 1891K, committed 2048K, reserved 1048576K

Heap Regions: E=young(eden), S=young(survivor), O=old, HS=humongous(starts), HC=humongous(continues), CS=collection set, F=free, OA=open archive, CA=closed archive, TAMS=top-at-mark-start (previous, next)
|   0|0x0000000700c00000, 0x0000000700e00000, 0x0000000700e00000|100%|HS|  |TAMS 0x0000000700c00000, 0x0000000700c00000| Complete 
|   1|0x0000000700e00000, 0x0000000701000000, 0x0000000701000000|100%| O|  |TAMS 0x0000000700e00000, 0x0000000700e00000| Untracked 
|   2|0x0000000701000000, 0x0000000701200000, 0x0000000701200000|100%| O|  |TAMS 0x0000000701000000, 0x0000000701000000| Untracked 
|   3|0x0000000701200000, 0x0000000701400000, 0x0000000701400000|100%|HS|  |TAMS 0x0000000701200000, 0x0000000701200000| Complete 
|   4|0x0000000701400000, 0x0000000701600000, 0x0000000701600000|100%| O|  |TAMS 0x0000000701400000, 0x0000000701400000| Untracked 
|   5|0x0000000701600000, 0x0000000701800000, 0x0000000701800000|100%| O|  |TAMS 0x0000000701600000, 0x0000000701600000| Untracked 
|   6|0x0000000701800000, 0x0000000701a00000, 0x0000000701a00000|100%|HS|  |TAMS 0x0000000701800000, 0x0000000701800000| Complete 
|   7|0x0000000701a00000, 0x0000000701c00000, 0x0000000701c00000|100%|HS|  |TAMS 0x0000000701a00000, 0x0000000701a00000| Complete 
|   8|0x0000000701c00000, 0x0000000701e00000, 0x0000000701e00000|100%| O|  |TAMS 0x0000000701c00000, 0x0000000701c00000| Untracked 
|   9|0x0000000701e00000, 0x0000000702000000, 0x0000000702000000|100%| O|  |TAMS 0x0000000701e00000, 0x0000000701e00000| Untracked 
|  10|0x0000000702000000, 0x0000000702146200, 0x0000000702200000| 63%| O|  |TAMS 0x0000000702000000, 0x0000000702000000| Untracked 
|  11|0x0000000702200000, 0x0000000702200000, 0x0000000702400000|  0%| F|  |TAMS 0x0000000702200000, 0x0000000702200000| Untracked 
|  12|0x0000000702400000, 0x0000000702400000, 0x0000000702600000|  0%| F|  |TAMS 0x0000000702400000, 0x0000000702400000| Untracked 
|  13|0x0000000702600000, 0x0000000702600000, 0x0000000702800000|  0%| F|  |TAMS 0x0000000702600000, 0x0000000702600000| Untracked 
|  14|0x0000000702800000, 0x0000000702800000, 0x0000000702a00000|  0%| F|  |TAMS 0x0000000702800000, 0x0000000702800000| Untracked 
|  15|0x0000000702a00000, 0x0000000702a00000, 0x0000000702c00000|  0%| F|  |TAMS 0x0000000702a00000, 0x0000000702a00000| Untracked 
|  16|0x0000000702c00000, 0x0000000702c00000, 0x0000000702e00000|  0%| F|  |TAMS 0x0000000702c00000, 0x0000000702c00000| Untracked 
|  17|0x0000000702e00000, 0x0000000702e00000, 0x0000000703000000|  0%| F|  |TAMS 0x0000000702e00000, 0x0000000702e00000| Untracked 
|  18|0x0000000703000000, 0x0000000703000000, 0x0000000703200000|  0%| F|  |TAMS 0x0000000703000000, 0x0000000703000000| Untracked 
|  19|0x0000000703200000, 0x0000000703200000, 0x0000000703400000|  0%| F|  |TAMS 0x0000000703200000, 0x0000000703200000| Untracked 
|  20|0x0000000703400000, 0x0000000703400000, 0x0000000703600000|  0%| F|  |TAMS 0x0000000703400000, 0x0000000703400000| Untracked 
|  21|0x0000000703600000, 0x0000000703600000, 0x0000000703800000|  0%| F|  |TAMS 0x0000000703600000, 0x0000000703600000| Untracked 
|  22|0x0000000703800000, 0x0000000703800000, 0x0000000703a00000|  0%| F|  |TAMS 0x0000000703800000, 0x0000000703800000| Untracked 
|  23|0x0000000703a00000, 0x0000000703a00000, 0x0000000703c00000|  0%| F|  |TAMS 0x0000000703a00000, 0x0000000703a00000| Untracked 
|  24|0x0000000703c00000, 0x0000000703c00000, 0x0000000703e00000|  0%| F|  |TAMS 0x0000000703c00000, 0x0000000703c00000| Untracked 
|  25|0x0000000703e00000, 0x0000000703e00000, 0x0000000704000000|  0%| F|  |TAMS 0x0000000703e00000, 0x0000000703e00000| Untracked 
|  26|0x0000000704000000, 0x0000000704000000, 0x0000000704200000|  0%| F|  |TAMS 0x0000000704000000, 0x0000000704000000| Untracked 
|  27|0x0000000704200000, 0x0000000704200000, 0x0000000704400000|  0%| F|  |TAMS 0x0000000704200000, 0x0000000704200000| Untracked 
|  28|0x0000000704400000, 0x0000000704400000, 0x0000000704600000|  0%| F|  |TAMS 0x0000000704400000, 0x0000000704400000| Untracked 
|  29|0x0000000704600000, 0x0000000704600000, 0x0000000704800000|  0%| F|  |TAMS 0x0000000704600000, 0x0000000704600000| Untracked 
|  30|0x0000000704800000, 0x0000000704800000, 0x0000000704a00000|  0%| F|  |TAMS 0x0000000704800000, 0x0000000704800000| Untracked 
|  31|0x0000000704a00000, 0x0000000704a00000, 0x0000000704c00000|  0%| F|  |TAMS 0x0000000704a00000, 0x0000000704a00000| Untracked 
|  32|0x0000000704c00000, 0x0000000704c00000, 0x0000000704e00000|  0%| F|  |TAMS 0x0000000704c00000, 0x0000000704c00000| Untracked 
|  33|0x0000000704e00000, 0x0000000704e00000, 0x0000000705000000|  0%| F|  |TAMS 0x0000000704e00000, 0x0000000704e00000| Untracked 
|  34|0x0000000705000000, 0x0000000705000000, 0x0000000705200000|  0%| F|  |TAMS 0x0000000705000000, 0x0000000705000000| Untracked 
|  35|0x0000000705200000, 0x0000000705200000, 0x0000000705400000|  0%| F|  |TAMS 0x0000000705200000, 0x0000000705200000| Untracked 
|  36|0x0000000705400000, 0x0000000705400000, 0x0000000705600000|  0%| F|  |TAMS 0x0000000705400000, 0x0000000705400000| Untracked 
|  37|0x0000000705600000, 0x0000000705600000, 0x0000000705800000|  0%| F|  |TAMS 0x0000000705600000, 0x0000000705600000| Untracked 
|  38|0x0000000705800000, 0x0000000705800000, 0x0000000705a00000|  0%| F|  |TAMS 0x0000000705800000, 0x0000000705800000| Untracked 
|  39|0x0000000705a00000, 0x0000000705a00000, 0x0000000705c00000|  0%| F|  |TAMS 0x0000000705a00000, 0x0000000705a00000| Untracked 
|  40|0x0000000705c00000, 0x0000000705c00000, 0x0000000705e00000|  0%| F|  |TAMS 0x0000000705c00000, 0x0000000705c00000| Untracked 
|  41|0x0000000705e00000, 0x0000000705e00000, 0x0000000706000000|  0%| F|  |TAMS 0x0000000705e00000, 0x0000000705e00000| Untracked 
|  42|0x0000000706000000, 0x0000000706000000, 0x0000000706200000|  0%| F|  |TAMS 0x0000000706000000, 0x0000000706000000| Untracked 
|  43|0x0000000706200000, 0x0000000706200000, 0x0000000706400000|  0%| F|  |TAMS 0x0000000706200000, 0x0000000706200000| Untracked 
|  44|0x0000000706400000, 0x0000000706400000, 0x0000000706600000|  0%| F|  |TAMS 0x0000000706400000, 0x0000000706400000| Untracked 
|  45|0x0000000706600000, 0x0000000706600000, 0x0000000706800000|  0%| F|  |TAMS 0x0000000706600000, 0x0000000706600000| Untracked 
|  46|0x0000000706800000, 0x0000000706800000, 0x0000000706a00000|  0%| F|  |TAMS 0x0000000706800000, 0x0000000706800000| Untracked 
|  47|0x0000000706a00000, 0x0000000706a00000, 0x0000000706c00000|  0%| F|  |TAMS 0x0000000706a00000, 0x0000000706a00000| Untracked 
|  48|0x0000000706c00000, 0x0000000706c00000, 0x0000000706e00000|  0%| F|  |TAMS 0x0000000706c00000, 0x0000000706c00000| Untracked 
|  49|0x0000000706e00000, 0x0000000706e00000, 0x0000000707000000|  0%| F|  |TAMS 0x0000000706e00000, 0x0000000706e00000| Untracked 
|  50|0x0000000707000000, 0x0000000707000000, 0x0000000707200000|  0%| F|  |TAMS 0x0000000707000000, 0x0000000707000000| Untracked 
|  51|0x0000000707200000, 0x0000000707200000, 0x0000000707400000|  0%| F|  |TAMS 0x0000000707200000, 0x0000000707200000| Untracked 
|  52|0x0000000707400000, 0x000000070748fc30, 0x0000000707600000| 28%| S|CS|TAMS 0x0000000707400000, 0x0000000707400000| Complete 
|  53|0x0000000707600000, 0x0000000707800000, 0x0000000707800000|100%| S|CS|TAMS 0x0000000707600000, 0x0000000707600000| Complete 
|  54|0x0000000707800000, 0x0000000707a00000, 0x0000000707a00000|100%| S|CS|TAMS 0x0000000707800000, 0x0000000707800000| Complete 
|  55|0x0000000707a00000, 0x0000000707c00000, 0x0000000707c00000|100%| S|CS|TAMS 0x0000000707a00000, 0x0000000707a00000| Complete 
|  56|0x0000000707c00000, 0x0000000707e00000, 0x0000000707e00000|100%| S|CS|TAMS 0x0000000707c00000, 0x0000000707c00000| Complete 
|  57|0x0000000707e00000, 0x0000000708000000, 0x0000000708000000|100%| S|CS|TAMS 0x0000000707e00000, 0x0000000707e00000| Complete 
|  58|0x0000000708000000, 0x0000000708200000, 0x0000000708200000|100%| S|CS|TAMS 0x0000000708000000, 0x0000000708000000| Complete 
|  59|0x0000000708200000, 0x0000000708200000, 0x0000000708400000|  0%| F|  |TAMS 0x0000000708200000, 0x0000000708200000| Untracked 
|  60|0x0000000708400000, 0x0000000708400000, 0x0000000708600000|  0%| F|  |TAMS 0x0000000708400000, 0x0000000708400000| Untracked 
|  61|0x0000000708600000, 0x0000000708600000, 0x0000000708800000|  0%| F|  |TAMS 0x0000000708600000, 0x0000000708600000| Untracked 
|  62|0x0000000708800000, 0x0000000708800000, 0x0000000708a00000|  0%| F|  |TAMS 0x0000000708800000, 0x0000000708800000| Untracked 
|  63|0x0000000708a00000, 0x0000000708a00000, 0x0000000708c00000|  0%| F|  |TAMS 0x0000000708a00000, 0x0000000708a00000| Untracked 
|  64|0x0000000708c00000, 0x0000000708c00000, 0x0000000708e00000|  0%| F|  |TAMS 0x0000000708c00000, 0x0000000708c00000| Untracked 
|  65|0x0000000708e00000, 0x0000000708e00000, 0x0000000709000000|  0%| F|  |TAMS 0x0000000708e00000, 0x0000000708e00000| Untracked 
|  66|0x0000000709000000, 0x0000000709000000, 0x0000000709200000|  0%| F|  |TAMS 0x0000000709000000, 0x0000000709000000| Untracked 
|  67|0x0000000709200000, 0x0000000709200000, 0x0000000709400000|  0%| F|  |TAMS 0x0000000709200000, 0x0000000709200000| Untracked 
|  68|0x0000000709400000, 0x0000000709400000, 0x0000000709600000|  0%| F|  |TAMS 0x0000000709400000, 0x0000000709400000| Untracked 
|  69|0x0000000709600000, 0x0000000709600000, 0x0000000709800000|  0%| F|  |TAMS 0x0000000709600000, 0x0000000709600000| Untracked 
|  70|0x0000000709800000, 0x0000000709800000, 0x0000000709a00000|  0%| F|  |TAMS 0x0000000709800000, 0x0000000709800000| Untracked 
|  71|0x0000000709a00000, 0x0000000709a00000, 0x0000000709c00000|  0%| F|  |TAMS 0x0000000709a00000, 0x0000000709a00000| Untracked 
|  72|0x0000000709c00000, 0x0000000709c00000, 0x0000000709e00000|  0%| F|  |TAMS 0x0000000709c00000, 0x0000000709c00000| Untracked 
|  73|0x0000000709e00000, 0x0000000709e00000, 0x000000070a000000|  0%| F|  |TAMS 0x0000000709e00000, 0x0000000709e00000| Untracked 
|  74|0x000000070a000000, 0x000000070a000000, 0x000000070a200000|  0%| F|  |TAMS 0x000000070a000000, 0x000000070a000000| Untracked 
|  75|0x000000070a200000, 0x000000070a200000, 0x000000070a400000|  0%| F|  |TAMS 0x000000070a200000, 0x000000070a200000| Untracked 
|  76|0x000000070a400000, 0x000000070a400000, 0x000000070a600000|  0%| F|  |TAMS 0x000000070a400000, 0x000000070a400000| Untracked 
|  77|0x000000070a600000, 0x000000070a600000, 0x000000070a800000|  0%| F|  |TAMS 0x000000070a600000, 0x000000070a600000| Untracked 
|  78|0x000000070a800000, 0x000000070a800000, 0x000000070aa00000|  0%| F|  |TAMS 0x000000070a800000, 0x000000070a800000| Untracked 
|  79|0x000000070aa00000, 0x000000070aa00000, 0x000000070ac00000|  0%| F|  |TAMS 0x000000070aa00000, 0x000000070aa00000| Untracked 
|  80|0x000000070ac00000, 0x000000070ac00000, 0x000000070ae00000|  0%| F|  |TAMS 0x000000070ac00000, 0x000000070ac00000| Untracked 
|  81|0x000000070ae00000, 0x000000070ae00000, 0x000000070b000000|  0%| F|  |TAMS 0x000000070ae00000, 0x000000070ae00000| Untracked 
|  82|0x000000070b000000, 0x000000070b200000, 0x000000070b200000|100%| E|  |TAMS 0x000000070b000000, 0x000000070b000000| Complete 
|  83|0x000000070b200000, 0x000000070b400000, 0x000000070b400000|100%| E|CS|TAMS 0x000000070b200000, 0x000000070b200000| Complete 
|  84|0x000000070b400000, 0x000000070b600000, 0x000000070b600000|100%| E|CS|TAMS 0x000000070b400000, 0x000000070b400000| Complete 
|  85|0x000000070b600000, 0x000000070b800000, 0x000000070b800000|100%| E|CS|TAMS 0x000000070b600000, 0x000000070b600000| Complete 
|  86|0x000000070b800000, 0x000000070ba00000, 0x000000070ba00000|100%| E|CS|TAMS 0x000000070b800000, 0x000000070b800000| Complete 
|  87|0x000000070ba00000, 0x000000070bc00000, 0x000000070bc00000|100%| E|CS|TAMS 0x000000070ba00000, 0x000000070ba00000| Complete 
|  88|0x000000070bc00000, 0x000000070be00000, 0x000000070be00000|100%| E|CS|TAMS 0x000000070bc00000, 0x000000070bc00000| Complete 
|  89|0x000000070be00000, 0x000000070c000000, 0x000000070c000000|100%| E|CS|TAMS 0x000000070be00000, 0x000000070be00000| Complete 
|  90|0x000000070c000000, 0x000000070c200000, 0x000000070c200000|100%| E|CS|TAMS 0x000000070c000000, 0x000000070c000000| Complete 
|  91|0x000000070c200000, 0x000000070c400000, 0x000000070c400000|100%| E|CS|TAMS 0x000000070c200000, 0x000000070c200000| Complete 
|  92|0x000000070c400000, 0x000000070c600000, 0x000000070c600000|100%| E|CS|TAMS 0x000000070c400000, 0x000000070c400000| Complete 
|  93|0x000000070c600000, 0x000000070c800000, 0x000000070c800000|100%| E|CS|TAMS 0x000000070c600000, 0x000000070c600000| Complete 
|  94|0x000000070c800000, 0x000000070ca00000, 0x000000070ca00000|100%| E|CS|TAMS 0x000000070c800000, 0x000000070c800000| Complete 
|  95|0x000000070ca00000, 0x000000070cc00000, 0x000000070cc00000|100%| E|CS|TAMS 0x000000070ca00000, 0x000000070ca00000| Complete 
|  96|0x000000070cc00000, 0x000000070ce00000, 0x000000070ce00000|100%| E|CS|TAMS 0x000000070cc00000, 0x000000070cc00000| Complete 
|  97|0x000000070ce00000, 0x000000070d000000, 0x000000070d000000|100%| E|CS|TAMS 0x000000070ce00000, 0x000000070ce00000| Complete 
|  98|0x000000070d000000, 0x000000070d200000, 0x000000070d200000|100%| E|CS|TAMS 0x000000070d000000, 0x000000070d000000| Complete 
|  99|0x000000070d200000, 0x000000070d400000, 0x000000070d400000|100%| E|CS|TAMS 0x000000070d200000, 0x000000070d200000| Complete 
| 100|0x000000070d400000, 0x000000070d600000, 0x000000070d600000|100%| E|CS|TAMS 0x000000070d400000, 0x000000070d400000| Complete 
| 101|0x000000070d600000, 0x000000070d800000, 0x000000070d800000|100%| E|CS|TAMS 0x000000070d600000, 0x000000070d600000| Complete 
| 102|0x000000070d800000, 0x000000070da00000, 0x000000070da00000|100%| E|CS|TAMS 0x000000070d800000, 0x000000070d800000| Complete 
| 103|0x000000070da00000, 0x000000070dc00000, 0x000000070dc00000|100%| E|CS|TAMS 0x000000070da00000, 0x000000070da00000| Complete 
| 104|0x000000070dc00000, 0x000000070de00000, 0x000000070de00000|100%| E|CS|TAMS 0x000000070dc00000, 0x000000070dc00000| Complete 
| 105|0x000000070de00000, 0x000000070e000000, 0x000000070e000000|100%| E|CS|TAMS 0x000000070de00000, 0x000000070de00000| Complete 
| 106|0x000000070e000000, 0x000000070e200000, 0x000000070e200000|100%| E|CS|TAMS 0x000000070e000000, 0x000000070e000000| Complete 
| 107|0x000000070e200000, 0x000000070e400000, 0x000000070e400000|100%| E|CS|TAMS 0x000000070e200000, 0x000000070e200000| Complete 
| 108|0x000000070e400000, 0x000000070e600000, 0x000000070e600000|100%| E|CS|TAMS 0x000000070e400000, 0x000000070e400000| Complete 
| 109|0x000000070e600000, 0x000000070e800000, 0x000000070e800000|100%| E|CS|TAMS 0x000000070e600000, 0x000000070e600000| Complete 
| 110|0x000000070e800000, 0x000000070ea00000, 0x000000070ea00000|100%| E|CS|TAMS 0x000000070e800000, 0x000000070e800000| Complete 
| 111|0x000000070ea00000, 0x000000070ec00000, 0x000000070ec00000|100%| E|CS|TAMS 0x000000070ea00000, 0x000000070ea00000| Complete 
| 112|0x000000070ec00000, 0x000000070ee00000, 0x000000070ee00000|100%| E|CS|TAMS 0x000000070ec00000, 0x000000070ec00000| Complete 
| 113|0x000000070ee00000, 0x000000070f000000, 0x000000070f000000|100%| E|CS|TAMS 0x000000070ee00000, 0x000000070ee00000| Complete 
| 114|0x000000070f000000, 0x000000070f200000, 0x000000070f200000|100%| E|CS|TAMS 0x000000070f000000, 0x000000070f000000| Complete 
| 115|0x000000070f200000, 0x000000070f400000, 0x000000070f400000|100%| E|CS|TAMS 0x000000070f200000, 0x000000070f200000| Complete 
| 116|0x000000070f400000, 0x000000070f600000, 0x000000070f600000|100%| E|CS|TAMS 0x000000070f400000, 0x000000070f400000| Complete 
| 117|0x000000070f600000, 0x000000070f800000, 0x000000070f800000|100%| E|CS|TAMS 0x000000070f600000, 0x000000070f600000| Complete 
| 118|0x000000070f800000, 0x000000070fa00000, 0x000000070fa00000|100%| E|CS|TAMS 0x000000070f800000, 0x000000070f800000| Complete 
| 119|0x000000070fa00000, 0x000000070fc00000, 0x000000070fc00000|100%| E|CS|TAMS 0x000000070fa00000, 0x000000070fa00000| Complete 
| 120|0x000000070fc00000, 0x000000070fe00000, 0x000000070fe00000|100%| E|CS|TAMS 0x000000070fc00000, 0x000000070fc00000| Complete 
| 121|0x000000070fe00000, 0x0000000710000000, 0x0000000710000000|100%| E|CS|TAMS 0x000000070fe00000, 0x000000070fe00000| Complete 
| 122|0x0000000710000000, 0x0000000710200000, 0x0000000710200000|100%| E|CS|TAMS 0x0000000710000000, 0x0000000710000000| Complete 
| 123|0x0000000710200000, 0x0000000710400000, 0x0000000710400000|100%| E|CS|TAMS 0x0000000710200000, 0x0000000710200000| Complete 
| 124|0x0000000710400000, 0x0000000710600000, 0x0000000710600000|100%| E|CS|TAMS 0x0000000710400000, 0x0000000710400000| Complete 
| 125|0x0000000710600000, 0x0000000710800000, 0x0000000710800000|100%| E|CS|TAMS 0x0000000710600000, 0x0000000710600000| Complete 
| 126|0x0000000710800000, 0x0000000710a00000, 0x0000000710a00000|100%| E|CS|TAMS 0x0000000710800000, 0x0000000710800000| Complete 
| 127|0x0000000710a00000, 0x0000000710c00000, 0x0000000710c00000|100%| E|CS|TAMS 0x0000000710a00000, 0x0000000710a00000| Complete 

Card table byte_map: [0x00000244d9020000,0x00000244d9820000] _byte_map_base: 0x00000244d581a000

Marking Bits (Prev, Next): (CMBitMap*) 0x00000244c18404e0, (CMBitMap*) 0x00000244c1840520
 Prev Bits: [0x00000244da020000, 0x00000244ddff0000)
 Next Bits: [0x00000244ddff0000, 0x00000244e1fc0000)

Polling page: 0x00000244bf770000

Metaspace:

Usage:
  Non-class:     14.37 MB used.
      Class:      1.85 MB used.
       Both:     16.22 MB used.

Virtual space:
  Non-class space:       64.00 MB reserved,      14.56 MB ( 23%) committed,  1 nodes.
      Class space:        1.00 GB reserved,       2.00 MB ( <1%) committed,  1 nodes.
             Both:        1.06 GB reserved,      16.56 MB (  2%) committed. 

Chunk freelists:
   Non-Class:  884.00 KB
       Class:  13.95 MB
        Both:  14.81 MB

MaxMetaspaceSize: unlimited
CompressedClassSpaceSize: 1.00 GB
Initial GC threshold: 21.00 MB
Current GC threshold: 21.00 MB
CDS: on
MetaspaceReclaimPolicy: balanced
 - commit_granule_bytes: 65536.
 - commit_granule_words: 8192.
 - virtual_space_node_default_size: 8388608.
 - enlarge_chunks_in_place: 1.
 - new_chunks_are_fully_committed: 0.
 - uncommit_free_chunks: 1.
 - use_allocation_guard: 0.
 - handle_deallocations: 1.


Internal statistics:

num_allocs_failed_limit: 0.
num_arena_births: 298.
num_arena_deaths: 0.
num_vsnodes_births: 2.
num_vsnodes_deaths: 0.
num_space_committed: 265.
num_space_uncommitted: 0.
num_chunks_returned_to_freelist: 0.
num_chunks_taken_from_freelist: 712.
num_chunk_merges: 0.
num_chunk_splits: 444.
num_chunks_enlarged: 287.
num_inconsistent_stats: 0.

CodeHeap 'non-profiled nmethods': size=120000Kb used=2562Kb max_used=2562Kb free=117438Kb
 bounds [0x00000244d0d90000, 0x00000244d1020000, 0x00000244d82c0000]
CodeHeap 'profiled nmethods': size=120000Kb used=6910Kb max_used=6910Kb free=113089Kb
 bounds [0x00000244c92c0000, 0x00000244c9980000, 0x00000244d07f0000]
CodeHeap 'non-nmethods': size=5760Kb used=1619Kb max_used=1660Kb free=4140Kb
 bounds [0x00000244d07f0000, 0x00000244d0a60000, 0x00000244d0d90000]
 total_blobs=4737 nmethods=3692 adapters=957
 compilation: enabled
              stopped_count=0, restarted_count=0
 full_count=0

Compilation events (20 events):
Event: 4.501 Thread 0x00000244e44be050 3694       3       java.lang.invoke.LambdaForm$NamedFunction::member (26 bytes)
Event: 4.501 Thread 0x00000244e44be050 nmethod 3694 0x00000244c9979890 code [0x00000244c9979a20, 0x00000244c9979b38]
Event: 4.501 Thread 0x00000244e44be050 3695       3       java.lang.invoke.InvokerBytecodeGenerator::isStaticallyInvocable (165 bytes)
Event: 4.503 Thread 0x00000244e44be050 nmethod 3695 0x00000244c9979c10 code [0x00000244c997a040, 0x00000244c997bd28]
Event: 4.503 Thread 0x00000244e44be050 3699       3       java.lang.invoke.LambdaForm$Name::internArguments (62 bytes)
Event: 4.503 Thread 0x00000244e44be050 nmethod 3699 0x00000244c997c490 code [0x00000244c997c680, 0x00000244c997cd88]
Event: 4.503 Thread 0x00000244e44be050 3696       3       java.lang.invoke.MemberName::isPrivate (8 bytes)
Event: 4.503 Thread 0x00000244e44be050 nmethod 3696 0x00000244c997cf10 code [0x00000244c997d0a0, 0x00000244c997d278]
Event: 4.503 Thread 0x00000244e44be050 3697       3       java.lang.invoke.InvokerBytecodeGenerator::emitStaticInvoke (258 bytes)
Event: 4.505 Thread 0x00000244e44be050 nmethod 3697 0x00000244c997d310 code [0x00000244c997d620, 0x00000244c997e5a8]
Event: 4.505 Thread 0x00000244e44be050 3698       3       java.lang.invoke.InvokerBytecodeGenerator::refKindOpcode (112 bytes)
Event: 4.505 Thread 0x00000244e44be050 nmethod 3698 0x00000244c997eb90 code [0x00000244c997ee00, 0x00000244c997f6b8]
Event: 4.505 Thread 0x00000244e44be050 3700       1       java.lang.invoke.InvokerBytecodeGenerator::setClassWriter (6 bytes)
Event: 4.505 Thread 0x00000244e44be050 nmethod 3700 0x00000244d0ff7190 code [0x00000244d0ff7320, 0x00000244d0ff7438]
Event: 4.505 Thread 0x00000244e44be050 3701       1       java.lang.Class::getClassData (5 bytes)
Event: 4.505 Thread 0x00000244e44be050 nmethod 3701 0x00000244d0ff7490 code [0x00000244d0ff7620, 0x00000244d0ff76f8]
Event: 4.542 Thread 0x00000245268f0a80 nmethod 3691 0x00000244d0ff7790 code [0x00000244d0ff7980, 0x00000244d0ff9198]
Event: 4.542 Thread 0x00000245268f0a80 3693       4       jdk.internal.org.objectweb.asm.Frame::push (109 bytes)
Event: 4.545 Thread 0x00000245268f0a80 nmethod 3693 0x00000244d0ff9b90 code [0x00000244d0ff9d20, 0x00000244d0ff9fb8]
Event: 4.617 Thread 0x00000244e44b3670 nmethod 3652 0x00000244d0ffa110 code [0x00000244d0ffa780, 0x00000244d1001658]

GC Heap History (10 events):
Event: 0.661 GC heap before
{Heap before GC invocations=0 (full 0):
 garbage-first heap   total 262144K, used 28672K [0x0000000700c00000, 0x0000000800000000)
  region size 2048K, 11 young (22528K), 0 survivors (0K)
 Metaspace       used 2649K, committed 2880K, reserved 1114112K
  class space    used 256K, committed 384K, reserved 1048576K
}
Event: 0.666 GC heap after
{Heap after GC invocations=1 (full 0):
 garbage-first heap   total 262144K, used 11917K [0x0000000700c00000, 0x0000000800000000)
  region size 2048K, 2 young (4096K), 2 survivors (4096K)
 Metaspace       used 2649K, committed 2880K, reserved 1114112K
  class space    used 256K, committed 384K, reserved 1048576K
}
Event: 1.053 GC heap before
{Heap before GC invocations=1 (full 0):
 garbage-first heap   total 262144K, used 34445K [0x0000000700c00000, 0x0000000800000000)
  region size 2048K, 13 young (26624K), 2 survivors (4096K)
 Metaspace       used 4843K, committed 5056K, reserved 1114112K
  class space    used 477K, committed 576K, reserved 1048576K
}
Event: 1.056 GC heap after
{Heap after GC invocations=2 (full 0):
 garbage-first heap   total 262144K, used 13198K [0x0000000700c00000, 0x0000000800000000)
  region size 2048K, 1 young (2048K), 1 survivors (2048K)
 Metaspace       used 4843K, committed 5056K, reserved 1114112K
  class space    used 477K, committed 576K, reserved 1048576K
}
Event: 1.426 GC heap before
{Heap before GC invocations=2 (full 0):
 garbage-first heap   total 262144K, used 74638K [0x0000000700c00000, 0x0000000800000000)
  region size 2048K, 30 young (61440K), 1 survivors (2048K)
 Metaspace       used 4927K, committed 5120K, reserved 1114112K
  class space    used 477K, committed 576K, reserved 1048576K
}
Event: 1.430 GC heap after
{Heap after GC invocations=3 (full 0):
 garbage-first heap   total 262144K, used 19916K [0x0000000700c00000, 0x0000000800000000)
  region size 2048K, 4 young (8192K), 4 survivors (8192K)
 Metaspace       used 4927K, committed 5120K, reserved 1114112K
  class space    used 477K, committed 576K, reserved 1048576K
}
Event: 2.451 GC heap before
{Heap before GC invocations=3 (full 0):
 garbage-first heap   total 262144K, used 167372K [0x0000000700c00000, 0x0000000800000000)
  region size 2048K, 76 young (155648K), 4 survivors (8192K)
 Metaspace       used 5125K, committed 5376K, reserved 1114112K
  class space    used 487K, committed 640K, reserved 1048576K
}
Event: 2.458 GC heap after
{Heap after GC invocations=4 (full 0):
 garbage-first heap   total 262144K, used 26867K [0x0000000700c00000, 0x0000000800000000)
  region size 2048K, 7 young (14336K), 7 survivors (14336K)
 Metaspace       used 5125K, committed 5376K, reserved 1114112K
  class space    used 487K, committed 640K, reserved 1048576K
}
Event: 3.086 GC heap before
{Heap before GC invocations=4 (full 0):
 garbage-first heap   total 262144K, used 170227K [0x0000000700c00000, 0x0000000800000000)
  region size 2048K, 76 young (155648K), 7 survivors (14336K)
 Metaspace       used 5405K, committed 5632K, reserved 1114112K
  class space    used 522K, committed 640K, reserved 1048576K
}
Event: 3.095 GC heap after
{Heap after GC invocations=5 (full 0):
 garbage-first heap   total 262144K, used 34647K [0x0000000700c00000, 0x0000000800000000)
  region size 2048K, 7 young (14336K), 7 survivors (14336K)
 Metaspace       used 5405K, committed 5632K, reserved 1114112K
  class space    used 522K, committed 640K, reserved 1048576K
}

Dll operation events (10 events):
Event: 0.012 Loaded shared library C:\Program Files\Pylo\MCreator\jdk\bin\java.dll
Event: 0.042 Loaded shared library C:\Program Files\Pylo\MCreator\jdk\bin\jsvml.dll
Event: 0.192 Loaded shared library C:\Program Files\Pylo\MCreator\jdk\bin\net.dll
Event: 0.194 Loaded shared library C:\Program Files\Pylo\MCreator\jdk\bin\nio.dll
Event: 0.198 Loaded shared library C:\Program Files\Pylo\MCreator\jdk\bin\zip.dll
Event: 0.285 Loaded shared library C:\Program Files\Pylo\MCreator\jdk\bin\jimage.dll
Event: 0.750 Loaded shared library C:\Program Files\Pylo\MCreator\jdk\bin\verify.dll
Event: 3.541 Loaded shared library C:\Program Files\Pylo\MCreator\jdk\bin\management.dll
Event: 3.544 Loaded shared library C:\Program Files\Pylo\MCreator\jdk\bin\management_ext.dll
Event: 4.414 Loaded shared library C:\Users\habibii\AppData\Local\Temp\lwjglhabibii\3.3.1-build-7\lwjgl.dll

Deoptimization events (20 events):
Event: 4.327 Thread 0x00000244c17d3980 Uncommon trap: trap_request=0xffffffde fr.pc=0x00000244d0f45bac relative=0x000000000000008c
Event: 4.327 Thread 0x00000244c17d3980 Uncommon trap: reason=class_check action=maybe_recompile pc=0x00000244d0f45bac method=java.util.AbstractList$RandomAccessSpliterator.getFence()I @ 34 c2
Event: 4.327 Thread 0x00000244c17d3980 DEOPT PACKING pc=0x00000244d0f45bac sp=0x000000ee150fe720
Event: 4.327 Thread 0x00000244c17d3980 DEOPT UNPACKING pc=0x00000244d08469a3 sp=0x000000ee150fe6a0 mode 2
Event: 4.328 Thread 0x00000244c17d3980 Uncommon trap: trap_request=0xffffffde fr.pc=0x00000244d0f45bac relative=0x000000000000008c
Event: 4.328 Thread 0x00000244c17d3980 Uncommon trap: reason=class_check action=maybe_recompile pc=0x00000244d0f45bac method=java.util.AbstractList$RandomAccessSpliterator.getFence()I @ 34 c2
Event: 4.328 Thread 0x00000244c17d3980 DEOPT PACKING pc=0x00000244d0f45bac sp=0x000000ee150fe720
Event: 4.328 Thread 0x00000244c17d3980 DEOPT UNPACKING pc=0x00000244d08469a3 sp=0x000000ee150fe6a0 mode 2
Event: 4.329 Thread 0x00000244c17d3980 Uncommon trap: trap_request=0xffffffde fr.pc=0x00000244d0f45bac relative=0x000000000000008c
Event: 4.329 Thread 0x00000244c17d3980 Uncommon trap: reason=class_check action=maybe_recompile pc=0x00000244d0f45bac method=java.util.AbstractList$RandomAccessSpliterator.getFence()I @ 34 c2
Event: 4.329 Thread 0x00000244c17d3980 DEOPT PACKING pc=0x00000244d0f45bac sp=0x000000ee150fe720
Event: 4.329 Thread 0x00000244c17d3980 DEOPT UNPACKING pc=0x00000244d08469a3 sp=0x000000ee150fe6a0 mode 2
Event: 4.334 Thread 0x00000244c17d3980 Uncommon trap: trap_request=0xffffffde fr.pc=0x00000244d0e8c470 relative=0x00000000000000d0
Event: 4.334 Thread 0x00000244c17d3980 Uncommon trap: reason=class_check action=maybe_recompile pc=0x00000244d0e8c470 method=java.util.stream.AbstractPipeline.exactOutputSizeIfKnown(Ljava/util/Spliterator;)J @ 16 c2
Event: 4.334 Thread 0x00000244c17d3980 DEOPT PACKING pc=0x00000244d0e8c470 sp=0x000000ee150fee30
Event: 4.334 Thread 0x00000244c17d3980 DEOPT UNPACKING pc=0x00000244d08469a3 sp=0x000000ee150fedb0 mode 2
Event: 4.498 Thread 0x000002452b21fd90 Uncommon trap: trap_request=0xffffff45 fr.pc=0x00000244d0e4d6a4 relative=0x0000000000000104
Event: 4.498 Thread 0x000002452b21fd90 Uncommon trap: reason=unstable_if action=reinterpret pc=0x00000244d0e4d6a4 method=java.util.concurrent.TimeUnit.convert(JLjava/util/concurrent/TimeUnit;)J @ 8 c2
Event: 4.498 Thread 0x000002452b21fd90 DEOPT PACKING pc=0x00000244d0e4d6a4 sp=0x000000ee16efef30
Event: 4.498 Thread 0x000002452b21fd90 DEOPT UNPACKING pc=0x00000244d08469a3 sp=0x000000ee16efeee0 mode 2

Classes unloaded (0 events):
No events

Classes redefined (0 events):
No events

Internal exceptions (20 events):
Event: 4.298 Thread 0x00000244c17d3980 Exception <a 'sun/nio/fs/WindowsException'{0x000000070ba44b68}> (0x000000070ba44b68) 
thrown [s\src\hotspot\share\prims\jni.cpp, line 516]
Event: 4.299 Thread 0x00000244c17d3980 Exception <a 'sun/nio/fs/WindowsException'{0x000000070ba44f90}> (0x000000070ba44f90) 
thrown [s\src\hotspot\share\prims\jni.cpp, line 516]
Event: 4.311 Thread 0x00000244c17d3980 Implicit null exception at 0x00000244d0f53cd5 to 0x00000244d0f542a0
Event: 4.312 Thread 0x00000244c17d3980 Implicit null exception at 0x00000244d0f129d2 to 0x00000244d0f12fa4
Event: 4.323 Thread 0x00000244c17d3980 Exception <a 'sun/nio/fs/WindowsException'{0x000000070bb6fce0}> (0x000000070bb6fce0) 
thrown [s\src\hotspot\share\prims\jni.cpp, line 516]
Event: 4.323 Thread 0x00000244c17d3980 Exception <a 'sun/nio/fs/WindowsException'{0x000000070bb70980}> (0x000000070bb70980) 
thrown [s\src\hotspot\share\prims\jni.cpp, line 516]
Event: 4.335 Thread 0x00000244c17d3980 Exception <a 'java/lang/NoSuchMethodError'{0x000000070bbb2e88}: 'java.lang.Object java.lang.invoke.DirectMethodHandle$Holder.invokeVirtual(java.lang.Object, java.lang.Object, java.lang.Object)'> (0x000000070bbb2e88) 
thrown [s\src\hotspot\share\interpreter\linkResolver.cpp, line 759]
Event: 4.364 Thread 0x00000244c17d3980 Exception <a 'java/lang/NoSuchMethodError'{0x000000070b8f8570}: 'java.lang.Object java.lang.invoke.DirectMethodHandle$Holder.invokeStatic(java.lang.Object, int, java.lang.Object, java.lang.Object, java.lang.Object, java.lang.Object)'> (0x000000070b8f8570) 
thrown [s\src\hotspot\share\interpreter\linkResolver.cpp, line 759]
Event: 4.364 Thread 0x00000244c17d3980 Exception <a 'java/lang/NoSuchMethodError'{0x000000070b900fe8}: 'java.lang.Object java.lang.invoke.DirectMethodHandle$Holder.newInvokeSpecial(java.lang.Object, int, java.lang.Object, java.lang.Object)'> (0x000000070b900fe8) 
thrown [s\src\hotspot\share\interpreter\linkResolver.cpp, line 759]
Event: 4.365 Thread 0x00000244c17d3980 Exception <a 'java/lang/NoSuchMethodError'{0x000000070b9050f0}: 'java.lang.Object java.lang.invoke.DirectMethodHandle$Holder.invokeSpecial(java.lang.Object, java.lang.Object, int, java.lang.Object, java.lang.Object)'> (0x000000070b9050f0) 
thrown [s\src\hotspot\share\interpreter\linkResolver.cpp, line 759]
Event: 4.411 Thread 0x00000244c17d3980 Exception <a 'sun/nio/fs/WindowsException'{0x000000070b7f2530}> (0x000000070b7f2530) 
thrown [s\src\hotspot\share\prims\jni.cpp, line 516]
Event: 4.411 Thread 0x00000244c17d3980 Exception <a 'sun/nio/fs/WindowsException'{0x000000070b7f2890}> (0x000000070b7f2890) 
thrown [s\src\hotspot\share\prims\jni.cpp, line 516]
Event: 4.428 Thread 0x00000244c17d3980 Exception <a 'sun/nio/fs/WindowsException'{0x000000070b5d3890}> (0x000000070b5d3890) 
thrown [s\src\hotspot\share\prims\jni.cpp, line 516]
Event: 4.429 Thread 0x00000244c17d3980 Exception <a 'sun/nio/fs/WindowsException'{0x000000070b5d3c10}> (0x000000070b5d3c10) 
thrown [s\src\hotspot\share\prims\jni.cpp, line 516]
Event: 4.442 Thread 0x00000244c17d3980 Exception <a 'java/lang/NoSuchMethodError'{0x000000070b2b4b80}: 'int java.lang.invoke.DirectMethodHandle$Holder.invokeStaticInit(java.lang.Object, java.lang.Object, int, long)'> (0x000000070b2b4b80) 
thrown [s\src\hotspot\share\interpreter\linkResolver.cpp, line 759]
Event: 4.442 Thread 0x00000244c17d3980 Exception <a 'java/lang/NoSuchMethodError'{0x000000070b2ba710}: 'java.lang.Object java.lang.invoke.DirectMethodHandle$Holder.newInvokeSpecial(java.lang.Object, java.lang.Object, int)'> (0x000000070b2ba710) 
thrown [s\src\hotspot\share\interpreter\linkResolver.cpp, line 759]
Event: 4.445 Thread 0x00000244c17d3980 Exception <a 'java/lang/NoSuchMethodError'{0x000000070b2ce620}: 'int java.lang.invoke.DirectMethodHandle$Holder.invokeStaticInit(java.lang.Object, java.lang.Object, long, long)'> (0x000000070b2ce620) 
thrown [s\src\hotspot\share\interpreter\linkResolver.cpp, line 759]
Event: 4.446 Thread 0x00000244c17d3980 Exception <a 'java/lang/NoSuchMethodError'{0x000000070b2d4578}: 'java.lang.Object java.lang.invoke.DirectMethodHandle$Holder.newInvokeSpecial(java.lang.Object, java.lang.Object, long)'> (0x000000070b2d4578) 
thrown [s\src\hotspot\share\interpreter\linkResolver.cpp, line 759]
Event: 4.446 Thread 0x00000244c17d3980 Exception <a 'java/lang/NoSuchMethodError'{0x000000070b2d80e8}: 'java.lang.Object java.lang.invoke.Invokers$Holder.linkToTargetMethod(java.lang.Object, long, java.lang.Object)'> (0x000000070b2d80e8) 
thrown [s\src\hotspot\share\interpreter\linkResolver.cpp, line 759]
Event: 4.447 Thread 0x00000244c17d3980 Exception <a 'java/lang/NoSuchMethodError'{0x000000070b2df860}: 'int java.lang.invoke.DirectMethodHandle$Holder.invokeStaticInit(java.lang.Object, java.lang.Object, java.lang.Object, long)'> (0x000000070b2df860) 
thrown [s\src\hotspot\share\interpreter\linkResolver.cpp, line 759]

VM Operations (20 events):
Event: 3.606 Executing VM operation: HandshakeAllThreads
Event: 3.607 Executing VM operation: HandshakeAllThreads done
Event: 3.690 Executing VM operation: ICBufferFull
Event: 3.690 Executing VM operation: ICBufferFull done
Event: 3.917 Executing VM operation: HandshakeAllThreads
Event: 3.917 Executing VM operation: HandshakeAllThreads done
Event: 3.918 Executing VM operation: HandshakeAllThreads
Event: 3.918 Executing VM operation: HandshakeAllThreads done
Event: 3.921 Executing VM operation: HandshakeAllThreads
Event: 3.921 Executing VM operation: HandshakeAllThreads done
Event: 4.008 Executing VM operation: HandshakeAllThreads
Event: 4.008 Executing VM operation: HandshakeAllThreads done
Event: 4.116 Executing VM operation: HandshakeAllThreads
Event: 4.116 Executing VM operation: HandshakeAllThreads done
Event: 4.207 Executing VM operation: HandshakeAllThreads
Event: 4.207 Executing VM operation: HandshakeAllThreads done
Event: 4.247 Executing VM operation: ICBufferFull
Event: 4.247 Executing VM operation: ICBufferFull done
Event: 4.499 Executing VM operation: HandshakeAllThreads
Event: 4.499 Executing VM operation: HandshakeAllThreads done

Events (20 events):
Event: 4.441 loading class java/util/function/LongPredicate done
Event: 4.448 loading class java/nio/InvalidMarkException
Event: 4.449 loading class java/nio/InvalidMarkException done
Event: 4.449 loading class java/nio/BufferUnderflowException
Event: 4.449 loading class java/nio/BufferUnderflowException done
Event: 4.497 loading class java/util/concurrent/ScheduledThreadPoolExecutor$ScheduledFutureTask
Event: 4.497 loading class java/util/concurrent/FutureTask
Event: 4.497 loading class java/util/concurrent/FutureTask done
Event: 4.497 loading class java/util/concurrent/ScheduledThreadPoolExecutor$ScheduledFutureTask done
Event: 4.497 loading class java/util/concurrent/FutureTask$WaitNode
Event: 4.497 loading class java/util/concurrent/FutureTask$WaitNode done
Event: 4.497 loading class java/util/concurrent/Executors$RunnableAdapter
Event: 4.498 loading class java/util/concurrent/Executors$RunnableAdapter done
Event: 4.498 loading class java/util/concurrent/ThreadPoolExecutor$Worker
Event: 4.498 loading class java/util/concurrent/ThreadPoolExecutor$Worker done
Event: 4.498 Thread 0x000002452b21fd90 Thread added: 0x000002452b21fd90
Event: 4.498 loading class java/util/concurrent/locks/AbstractQueuedSynchronizer$ConditionNode
Event: 4.499 loading class java/util/concurrent/ForkJoinPool$ManagedBlocker
Event: 4.499 loading class java/util/concurrent/ForkJoinPool$ManagedBlocker done
Event: 4.499 loading class java/util/concurrent/locks/AbstractQueuedSynchronizer$ConditionNode done


Dynamic libraries:
0x00007ff6447f0000 - 0x00007ff6447fe000 	C:\Program Files\Pylo\MCreator\jdk\bin\java.exe
0x00007ffeeb190000 - 0x00007ffeeb388000 	C:\Windows\SYSTEM32\ntdll.dll
0x00007ffeea7c0000 - 0x00007ffeea87d000 	C:\Windows\System32\KERNEL32.DLL
0x00007ffee8cf0000 - 0x00007ffee8fe6000 	C:\Windows\System32\KERNELBASE.dll
0x00007ffee6170000 - 0x00007ffee6200000 	C:\Windows\SYSTEM32\apphelp.dll
0x00007ffee90c0000 - 0x00007ffee91c0000 	C:\Windows\System32\ucrtbase.dll
0x00007ffed4160000 - 0x00007ffed417b000 	C:\Program Files\Pylo\MCreator\jdk\bin\VCRUNTIME140.dll
0x00007ffed38d0000 - 0x00007ffed38e7000 	C:\Program Files\Pylo\MCreator\jdk\bin\jli.dll
0x00007ffee91c0000 - 0x00007ffee935e000 	C:\Windows\System32\USER32.dll
0x00007ffee9090000 - 0x00007ffee90b2000 	C:\Windows\System32\win32u.dll
0x00007ffedc450000 - 0x00007ffedc6ea000 	C:\Windows\WinSxS\amd64_microsoft.windows.common-controls_6595b64144ccf1df_6.0.19041.3636_none_60b6a03d71f818d5\COMCTL32.dll
0x00007ffeea630000 - 0x00007ffeea65b000 	C:\Windows\System32\GDI32.dll
0x00007ffee9f40000 - 0x00007ffee9fde000 	C:\Windows\System32\msvcrt.dll
0x00007ffee89d0000 - 0x00007ffee8ae7000 	C:\Windows\System32\gdi32full.dll
0x00007ffee8af0000 - 0x00007ffee8b8d000 	C:\Windows\System32\msvcp_win.dll
0x00007ffeea590000 - 0x00007ffeea5c2000 	C:\Windows\System32\IMM32.DLL
0x00007ffee1f50000 - 0x00007ffee1f5c000 	C:\Program Files\Pylo\MCreator\jdk\bin\vcruntime140_1.dll
0x00007ffecdf50000 - 0x00007ffecdfdd000 	C:\Program Files\Pylo\MCreator\jdk\bin\msvcp140.dll
0x00007ffe96cb0000 - 0x00007ffe97911000 	C:\Program Files\Pylo\MCreator\jdk\bin\server\jvm.dll
0x00007ffee9ad0000 - 0x00007ffee9b80000 	C:\Windows\System32\ADVAPI32.dll
0x00007ffeea3e0000 - 0x00007ffeea480000 	C:\Windows\System32\sechost.dll
0x00007ffee9b80000 - 0x00007ffee9ca5000 	C:\Windows\System32\RPCRT4.dll
0x00007ffee8ff0000 - 0x00007ffee9017000 	C:\Windows\System32\bcrypt.dll
0x00007ffeda590000 - 0x00007ffeda599000 	C:\Windows\SYSTEM32\WSOCK32.dll
0x00007ffee7d90000 - 0x00007ffee7ddb000 	C:\Windows\SYSTEM32\POWRPROF.dll
0x00007ffeea660000 - 0x00007ffeea6cb000 	C:\Windows\System32\WS2_32.dll
0x00007ffed7ed0000 - 0x00007ffed7ef7000 	C:\Windows\SYSTEM32\WINMM.dll
0x00007ffee2880000 - 0x00007ffee288a000 	C:\Windows\SYSTEM32\VERSION.dll
0x00007ffee7c50000 - 0x00007ffee7c62000 	C:\Windows\SYSTEM32\UMPDC.dll
0x00007ffee6710000 - 0x00007ffee6722000 	C:\Windows\SYSTEM32\kernel.appcore.dll
0x00007ffed5f30000 - 0x00007ffed5f3a000 	C:\Program Files\Pylo\MCreator\jdk\bin\jimage.dll
0x00007ffee2e20000 - 0x00007ffee3004000 	C:\Windows\SYSTEM32\DBGHELP.DLL
0x00007ffed5490000 - 0x00007ffed54c4000 	C:\Windows\SYSTEM32\dbgcore.DLL
0x00007ffee88f0000 - 0x00007ffee8972000 	C:\Windows\System32\bcryptPrimitives.dll
0x00007ffed0d20000 - 0x00007ffed0d45000 	C:\Program Files\Pylo\MCreator\jdk\bin\java.dll
0x00007ffeada10000 - 0x00007ffeadae7000 	C:\Program Files\Pylo\MCreator\jdk\bin\jsvml.dll
0x00007ffee9360000 - 0x00007ffee9acb000 	C:\Windows\System32\SHELL32.dll
0x00007ffee6910000 - 0x00007ffee70ae000 	C:\Windows\SYSTEM32\windows.storage.dll
0x00007ffee9fe0000 - 0x00007ffeea333000 	C:\Windows\System32\combase.dll
0x00007ffee8270000 - 0x00007ffee829e000 	C:\Windows\SYSTEM32\Wldp.dll
0x00007ffee9cc0000 - 0x00007ffee9d8d000 	C:\Windows\System32\OLEAUT32.dll
0x00007ffeea480000 - 0x00007ffeea52d000 	C:\Windows\System32\SHCORE.dll
0x00007ffeea5d0000 - 0x00007ffeea625000 	C:\Windows\System32\shlwapi.dll
0x00007ffee8770000 - 0x00007ffee8795000 	C:\Windows\SYSTEM32\profapi.dll
0x00007ffed0d00000 - 0x00007ffed0d19000 	C:\Program Files\Pylo\MCreator\jdk\bin\net.dll
0x00007ffee2470000 - 0x00007ffee257a000 	C:\Windows\SYSTEM32\WINHTTP.dll
0x00007ffee7fd0000 - 0x00007ffee803a000 	C:\Windows\system32\mswsock.dll
0x00007ffed06f0000 - 0x00007ffed0706000 	C:\Program Files\Pylo\MCreator\jdk\bin\nio.dll
0x00007ffed06d0000 - 0x00007ffed06e8000 	C:\Program Files\Pylo\MCreator\jdk\bin\zip.dll
0x00007ffecda10000 - 0x00007ffecda20000 	C:\Program Files\Pylo\MCreator\jdk\bin\verify.dll
0x00007ffed3260000 - 0x00007ffed3269000 	C:\Program Files\Pylo\MCreator\jdk\bin\management.dll
0x00007ffecff60000 - 0x00007ffecff6b000 	C:\Program Files\Pylo\MCreator\jdk\bin\management_ext.dll
0x00007ffeea7b0000 - 0x00007ffeea7b8000 	C:\Windows\System32\PSAPI.DLL
0x00007ffe8fad0000 - 0x00007ffe8fae7000 	C:\Windows\system32\napinsp.dll
0x00007ffe8fb70000 - 0x00007ffe8fb8b000 	C:\Windows\system32\pnrpnsp.dll
0x00007ffecf4a0000 - 0x00007ffecf4b5000 	C:\Windows\system32\wshbth.dll
0x00007ffee4530000 - 0x00007ffee454d000 	C:\Windows\system32\NLAapi.dll
0x00007ffee7c70000 - 0x00007ffee7cab000 	C:\Windows\SYSTEM32\IPHLPAPI.DLL
0x00007ffee7cc0000 - 0x00007ffee7d8b000 	C:\Windows\SYSTEM32\DNSAPI.dll
0x00007ffee9cb0000 - 0x00007ffee9cb8000 	C:\Windows\System32\NSI.dll
0x00007ffea07a0000 - 0x00007ffea07b2000 	C:\Windows\System32\winrnr.dll
0x00007ffee21d0000 - 0x00007ffee21da000 	C:\Windows\System32\rasadhlp.dll
0x00007ffee1b30000 - 0x00007ffee1bb0000 	C:\Windows\System32\fwpuclnt.dll
0x00007ffed5370000 - 0x00007ffed53e5000 	C:\Users\habibii\AppData\Local\Temp\lwjglhabibii\3.3.1-build-7\lwjgl.dll
0x00007ffed5300000 - 0x00007ffed5361000 	C:\Users\habibii\AppData\Local\Temp\lwjglhabibii\3.3.1-build-7\glfw.dll
0x00007ffed52b0000 - 0x00007ffed52f5000 	C:\Windows\SYSTEM32\dinput8.dll
0x00007ffee4370000 - 0x00007ffee4381000 	C:\Windows\SYSTEM32\xinput1_4.dll
0x00007ffee8980000 - 0x00007ffee89ce000 	C:\Windows\System32\cfgmgr32.dll
0x00007ffee85d0000 - 0x00007ffee8603000 	C:\Windows\SYSTEM32\DEVOBJ.dll
0x00007ffee6530000 - 0x00007ffee655f000 	C:\Windows\SYSTEM32\dwmapi.dll
0x00007ffedb4d0000 - 0x00007ffedb622000 	C:\Windows\SYSTEM32\inputhost.dll
0x00007ffee5f00000 - 0x00007ffee5ff2000 	C:\Windows\SYSTEM32\CoreMessaging.dll
0x00007ffee5480000 - 0x00007ffee55d5000 	C:\Windows\SYSTEM32\wintypes.dll
0x00007ffee2780000 - 0x00007ffee2876000 	C:\Windows\SYSTEM32\PROPSYS.dll
0x00007ffee5ba0000 - 0x00007ffee5efb000 	C:\Windows\SYSTEM32\CoreUIComponents.dll
0x00007ffee79b0000 - 0x00007ffee79e3000 	C:\Windows\SYSTEM32\ntmarta.dll
0x00007ffee6240000 - 0x00007ffee62de000 	C:\Windows\system32\uxtheme.dll
0x00007ffeeaf50000 - 0x00007ffeeb065000 	C:\Windows\System32\MSCTF.dll
0x00007ffe9ecc0000 - 0x00007ffe9ede5000 	C:\Windows\SYSTEM32\opengl32.dll
0x00007ffec48f0000 - 0x00007ffec491c000 	C:\Windows\SYSTEM32\GLU32.dll
0x00007ffeea880000 - 0x00007ffeea929000 	C:\Windows\System32\clbcatq.dll
0x00007ffed56f0000 - 0x00007ffed571d000 	C:\Windows\System32\DriverStore\FileRepository\u0390451.inf_amd64_39377efdd62734d1\B390182\atig6pxx.dll
0x00007ffe752e0000 - 0x00007ffe78f15000 	C:\Windows\System32\DriverStore\FileRepository\u0390451.inf_amd64_39377efdd62734d1\B390182\atio6axx.dll
0x00007ffeeaae0000 - 0x00007ffeeaf4e000 	C:\Windows\System32\SETUPAPI.dll
0x00007ffee9020000 - 0x00007ffee9087000 	C:\Windows\System32\WINTRUST.dll
0x00007ffee8b90000 - 0x00007ffee8ced000 	C:\Windows\System32\CRYPT32.dll
0x00007ffee8400000 - 0x00007ffee8412000 	C:\Windows\SYSTEM32\MSASN1.dll

dbghelp: loaded successfully - version: 4.0.5 - missing functions: none
symbol engine: initialized successfully - sym options: 0x614 - pdb path: .;C:\Program Files\Pylo\MCreator\jdk\bin;C:\Windows\SYSTEM32;C:\Windows\WinSxS\amd64_microsoft.windows.common-controls_6595b64144ccf1df_6.0.19041.3636_none_60b6a03d71f818d5;C:\Program Files\Pylo\MCreator\jdk\bin\server;C:\Users\habibii\AppData\Local\Temp\lwjglhabibii\3.3.1-build-7;C:\Windows\System32\DriverStore\FileRepository\u0390451.inf_amd64_39377efdd62734d1\B390182

VM Arguments:
jvm_args: -Dforge.enableGameTest=true -Dforge.logging.console.level=debug -Dforge.logging.markers=REGISTRIES -DignoreList=bootstraplauncher,securejarhandler,asm-commons,asm-util,asm-analysis,asm-tree,asm,JarJarFileSystems,client-extra,fmlcore,javafmllanguage,lowcodelanguage,mclanguage,forge- -Djava.net.preferIPv6Addresses=system -DlegacyClassPath.file=C:\Users\habibii\MCreatorWorkspaces\chaincraft\build\classpath\runClient_minecraftClasspath.txt -DmergeModules=jna-5.10.0.jar,jna-platform-5.10.0.jar --module-path=C:\Users\habibii\.mcreator\gradle\caches\modules-2\files-2.1\cpw.mods\bootstraplauncher\1.1.2\c546e00443d8432cda6baa1c860346980742628\bootstraplauncher-1.1.2.jar;C:\Users\habibii\.mcreator\gradle\caches\modules-2\files-2.1\cpw.mods\securejarhandler\2.1.10\51e6a22c6c716beb11e244bf5b8be480f51dd6b5\securejarhandler-2.1.10.jar;C:\Users\habibii\.mcreator\gradle\caches\modules-2\files-2.1\org.ow2.asm\asm-commons\9.5\19ab5b5800a3910d30d3a3e64fdb00fd0cb42de0\asm-commons-9.5.jar;C:\Users\habibii\.mcreator\gradle\caches\modules-2\files-2.1\org.ow2.asm\asm-util\9.5\64b5a1fc8c1b15ed2efd6a063e976bc8d3dc5ffe\asm-util-9.5.jar;C:\Users\habibii\.mcreator\gradle\caches\modules-2\files-2.1\org.ow2.asm\asm-analysis\9.5\490bacc77de7cbc0be1a30bb3471072d705be4a4\asm-analysis-9.5.jar;C:\Users\habibii\.mcreator\gradle\caches\modules-2\files-2.1\org.ow2.asm\asm-tree\9.5\fd33c8b6373abaa675be407082fdfda35021254a\asm-tree-9.5.jar;C:\Users\habibii\.mcreator\gradle\caches\modules-2\files-2.1\org.ow2.asm\asm\9.5\dc6ea1875f4d64fbc85e1691c95b96a3d8569c90\asm-9.5.jar;C:\Users\habibii\.mcreator\gradle\caches\modules-2\files-2.1\net.minecraftforge\JarJarFileSystems\0.3.19\2464eb7d6b9ddb9db36a82cf8a95193e5c6fe020\JarJarFileSystems-0.3.19.jar --add-modules=ALL-MODULE-PATH --add-opens=java.base/java.util.jar=cpw.mods.securejarhandler --add-opens=java.base/java.lang.invoke=cpw.mods.securejarhandler --add-exports=java.base/sun.security.util=cpw.mods.securejarhandler --add-exports=jdk.naming.dns/com.sun.jndi.dns=java.naming -XX:HeapDumpPath=MojangTricksIntelDriversForPerformance_javaw.exe_minecraft.exe.heapdump -Dfile.encoding=UTF-8 -Duser.country=US -Duser.language=en -Duser.variant 
java_command: cpw.mods.bootstraplauncher.BootstrapLauncher --launchTarget forgeclientuserdev --version MOD_DEV --assetIndex 5 --assetsDir C:\Users\habibii\.mcreator\gradle\caches\forge_gradle\assets --gameDir . --fml.forgeVersion 47.2.0 --fml.mcVersion 1.20.1 --fml.forgeGroup net.minecraftforge --fml.mcpVersion 20230612.114412
java_class_path (initial): C:\Users\habibii\MCreatorWorkspaces\chaincraft\build\classes\java\main;C:\Users\habibii\MCreatorWorkspaces\chaincraft\build\resources\main;C:\Users\habibii\.mcreator\gradle\caches\forge_gradle\minecraft_user_repo\net\minecraftforge\forge\1.20.1-47.2.0_mapped_official_1.20.1\forge-1.20.1-47.2.0_mapped_official_1.20.1-recomp.jar;C:\Users\habibii\.mcreator\gradle\caches\forge_gradle\minecraft_repo\versions\1.20.1\client-extra.jar;C:\Users\habibii\.mcreator\gradle\caches\modules-2\files-2.1\net.minecraftforge\fmlearlydisplay\1.20.1-47.2.0\4c56a03dcedcb909c7eaa8469dd5a36c493a0008\fmlearlydisplay-1.20.1-47.2.0.jar;C:\Users\habibii\.mcreator\gradle\caches\modules-2\files-2.1\net.minecraftforge\javafmllanguage\1.20.1-47.2.0\7f9181f85acc66547685a72020713fc8cbde98\javafmllanguage-1.20.1-47.2.0.jar;C:\Users\habibii\.mcreator\gradle\caches\modules-2\files-2.1\net.minecraftforge\lowcodelanguage\1.20.1-47.2.0\7872f5205685fdd26fae39b1be79b0e60ca5b7bd\lowcodelanguage-1.20.1-47.2.0.jar;C:\Users\habibii\.mcreator\gradle\caches\modules-2\files-2.1\net.minecraftforge\mclanguage\1.20.1-47.2.0\d501d161cabed08b3c139a2c6217b02a39f3c3e9\mclanguage-1.20.1-47.2.0.jar;C:\Users\habibii\.mcreator\gradle\caches\modules-2\files-2.1\net.minecraftforge\fmlcore\1.20.1-47.2.0\ffd3c6debac0a388c9e33ac43c9f5eafb91cb466\fmlcore-1.20.1-47.2.0.jar;C:\Users\habibii\.mcreator\gradle\caches\modules-2\files-2.1\net.minecraftforge\fmlloader\1.20.1-47.2.0\7811231940c0a8b6008453bbc64fdf7fa1280fe9\fmlloader-1.20.1-47.2.0.jar;C:\Users\habibii\.mcreator\gradle\caches\modules-2\files-2.1\net.minecraftforge\JarJarSelector\0.3.19\376cc9c8ea60720cf027c01fc033de915699801c\JarJarSelector-0.3.19.jar;C:\Users\habibii\.mcreator\gradle\caches\modules-2\files-2.1\net.minecraftforge\JarJarMetadata\0.3.19\83feaa9b770e6ac0e96ee4fc23fa89325c5fe2\JarJarMetadata-0.3.19.jar;C:\Users\habibii\.mcreator\gradle\caches\modules-2\files-2.1\com.google.guava\guava\31.1-jre\60458f877d055d0c9114d9e1a2efb737b4bc282c\
Launcher Type: SUN_STANDARD

[Global flags]
     intx CICompilerCount                          = 4                                         {product} {ergonomic}
     uint ConcGCThreads                            = 3                                         {product} {ergonomic}
     uint G1ConcRefinementThreads                  = 10                                        {product} {ergonomic}
   size_t G1HeapRegionSize                         = 2097152                                   {product} {ergonomic}
    uintx GCDrainStackTargetSize                   = 64                                        {product} {ergonomic}
    ccstr HeapDumpPath                             = MojangTricksIntelDriversForPerformance_javaw.exe_minecraft.exe.heapdump         {manageable} {command line}
   size_t InitialHeapSize                          = 268435456                                 {product} {ergonomic}
   size_t MarkStackSize                            = 4194304                                   {product} {ergonomic}
   size_t MaxHeapSize                              = 4282384384                                {product} {ergonomic}
   size_t MaxNewSize                               = 2569011200                                {product} {ergonomic}
   size_t MinHeapDeltaBytes                        = 2097152                                   {product} {ergonomic}
   size_t MinHeapSize                              = 8388608                                   {product} {ergonomic}
    uintx NonNMethodCodeHeapSize                   = 5839372                                {pd product} {ergonomic}
    uintx NonProfiledCodeHeapSize                  = 122909434                              {pd product} {ergonomic}
    uintx ProfiledCodeHeapSize                     = 122909434                              {pd product} {ergonomic}
    uintx ReservedCodeCacheSize                    = 251658240                              {pd product} {ergonomic}
     bool SegmentedCodeCache                       = true                                      {product} {ergonomic}
   size_t SoftMaxHeapSize                          = 4282384384                             {manageable} {ergonomic}
     bool UseCompressedClassPointers               = true                           {product lp64_product} {ergonomic}
     bool UseCompressedOops                        = true                           {product lp64_product} {ergonomic}
     bool UseG1GC                                  = true                                      {product} {ergonomic}
     bool UseLargePagesIndividualAllocation        = false                                  {pd product} {ergonomic}

Logging:
Log output configuration:
 #0: stdout all=warning uptime,level,tags
 #1: stderr all=off uptime,level,tags

Environment Variables:
JAVA_HOME=C:\Program Files\Pylo\MCreator\jdk
PATH=C:\Program Files\Eclipse Adoptium\jdk-21.0.2.13-hotspot\bin;C:\Program Files (x86)\VMware\VMware Workstation\bin\;C:\Windows\system32;C:\Windows;C:\Windows\System32\Wbem;C:\Windows\System32\WindowsPowerShell\v1.0\;C:\Windows\System32\OpenSSH\;C:\Program Files\nodejs\;C:\Users\habibii\AppData\Local\Programs\Python\Python312\Scripts\;C:\Users\habibii\AppData\Local\Programs\Python\Python312\;C:\Users\habibii\AppData\Local\Programs\Python\Launcher\;C:\Users\habibii\AppData\Local\Microsoft\WindowsApps;C:\Users\habibii\AppData\Local\Programs\Microsoft VS Code\bin;C:\Users\habibii\AppData\Roaming\npm;C:\ffmpeg;;C:\Program Files\Pylo\MCreator\jdk\bin
USERNAME=habibii
OS=Windows_NT
PROCESSOR_IDENTIFIER=AMD64 Family 23 Model 8 Stepping 2, AuthenticAMD
TMP=C:\Users\habibii\AppData\Local\Temp
TEMP=C:\Users\habibii\AppData\Local\Temp



Periodic native trim disabled


---------------  S Y S T E M  ---------------

OS:
 Windows 10 , 64 bit Build 19041 (10.0.19041.3636)
OS uptime: 0 days 21:53 hours

CPU: total 12 (initial active 12) (12 cores per cpu, 2 threads per core) family 23 model 8 stepping 2 microcode 0x0, cx8, cmov, fxsr, ht, mmx, 3dnowpref, sse, sse2, sse3, ssse3, sse4a, sse4.1, sse4.2, popcnt, lzcnt, tsc, tscinvbit, avx, avx2, aes, clmul, bmi1, bmi2, adx, sha, fma, vzeroupper, clflush, clflushopt
Processor Information for all 12 processors :
  Max Mhz: 3200, Current Mhz: 3200, Mhz Limit: 3200

Memory: 4k page, system-wide physical 16332M (6317M free)
TotalPageFile size 19626M (AvailPageFile size 4792M)
current process WorkingSet (physical memory assigned to process): 317M, peak: 328M
current process commit charge ("private bytes"): 436M, peak: 448M

vm_info: OpenJDK 64-Bit Server VM (17.0.9+9) for windows-amd64 JRE (17.0.9+9), built on Oct 26 2023 14:01:42 by "admin" with MS VC++ 16.10 / 16.11 (VS2019)

END.
