#
# A fatal error has been detected by the Java Runtime Environment:
#
#  EXCEPTION_ACCESS_VIOLATION (0xc0000005) at pc=0x00007ffe7a152b60, pid=15160, tid=4240
#
# JRE version: OpenJDK Runtime Environment Temurin-17.0.9+9 (17.0.9+9) (build 17.0.9+9)
# Java VM: OpenJDK 64-Bit Server VM Temurin-17.0.9+9 (17.0.9+9, mixed mode, sharing, tiered, compressed oops, compressed class ptrs, g1 gc, windows-amd64)
# Problematic frame:
# C  [atio6axx.dll+0x192b60]
#
# No core dump will be written. Minidumps are not enabled by default on client versions of Windows
#
# If you would like to submit a bug report, please visit:
#   https://github.com/adoptium/adoptium-support/issues
# The crash happened outside the Java Virtual Machine in native code.
# See problematic frame for where to report the bug.
#

---------------  S U M M A R Y ------------

Command Line: -Dforge.enableGameTest=true -Dforge.logging.console.level=debug -Dforge.logging.markers=REGISTRIES -DignoreList=bootstraplauncher,securejarhandler,asm-commons,asm-util,asm-analysis,asm-tree,asm,JarJarFileSystems,client-extra,fmlcore,javafmllanguage,lowcodelanguage,mclanguage,forge- -Djava.net.preferIPv6Addresses=system -DlegacyClassPath.file=C:\Users\habibii\MCreatorWorkspaces\chaincraft\build\classpath\runClient_minecraftClasspath.txt -DmergeModules=jna-5.10.0.jar,jna-platform-5.10.0.jar --module-path=C:\Users\habibii\.mcreator\gradle\caches\modules-2\files-2.1\cpw.mods\bootstraplauncher\1.1.2\c546e00443d8432cda6baa1c860346980742628\bootstraplauncher-1.1.2.jar;C:\Users\habibii\.mcreator\gradle\caches\modules-2\files-2.1\cpw.mods\securejarhandler\2.1.10\51e6a22c6c716beb11e244bf5b8be480f51dd6b5\securejarhandler-2.1.10.jar;C:\Users\habibii\.mcreator\gradle\caches\modules-2\files-2.1\org.ow2.asm\asm-commons\9.5\19ab5b5800a3910d30d3a3e64fdb00fd0cb42de0\asm-commons-9.5.jar;C:\Users\habibii\.mcreator\gradle\caches\modules-2\files-2.1\org.ow2.asm\asm-util\9.5\64b5a1fc8c1b15ed2efd6a063e976bc8d3dc5ffe\asm-util-9.5.jar;C:\Users\habibii\.mcreator\gradle\caches\modules-2\files-2.1\org.ow2.asm\asm-analysis\9.5\490bacc77de7cbc0be1a30bb3471072d705be4a4\asm-analysis-9.5.jar;C:\Users\habibii\.mcreator\gradle\caches\modules-2\files-2.1\org.ow2.asm\asm-tree\9.5\fd33c8b6373abaa675be407082fdfda35021254a\asm-tree-9.5.jar;C:\Users\habibii\.mcreator\gradle\caches\modules-2\files-2.1\org.ow2.asm\asm\9.5\dc6ea1875f4d64fbc85e1691c95b96a3d8569c90\asm-9.5.jar;C:\Users\habibii\.mcreator\gradle\caches\modules-2\files-2.1\net.minecraftforge\JarJarFileSystems\0.3.19\2464eb7d6b9ddb9db36a82cf8a95193e5c6fe020\JarJarFileSystems-0.3.19.jar --add-modules=ALL-MODULE-PATH --add-opens=java.base/java.util.jar=cpw.mods.securejarhandler --add-opens=java.base/java.lang.invoke=cpw.mods.securejarhandler --add-exports=java.base/sun.security.util=cpw.mods.securejarhandler --add-exports=jdk.naming.dns/com.sun.jndi.dns=java.naming -XX:HeapDumpPath=MojangTricksIntelDriversForPerformance_javaw.exe_minecraft.exe.heapdump -Dfile.encoding=UTF-8 -Duser.country=US -Duser.language=en -Duser.variant cpw.mods.bootstraplauncher.BootstrapLauncher --launchTarget forgeclientuserdev --version MOD_DEV --assetIndex 5 --assetsDir C:\Users\habibii\.mcreator\gradle\caches\forge_gradle\assets --gameDir . --fml.forgeVersion 47.2.0 --fml.mcVersion 1.20.1 --fml.forgeGroup net.minecraftforge --fml.mcpVersion 20230612.114412

Host: AMD Ryzen 5 1600 Six-Core Processor            , 12 cores, 15G,  Windows 10 , 64 bit Build 19041 (10.0.19041.3636)
Time: Sun Mar 31 14:16:39 2024  Windows 10 , 64 bit Build 19041 (10.0.19041.3636) elapsed time: 4.052611 seconds (0d 0h 0m 4s)

---------------  T H R E A D  ---------------

Current thread (0x000002016f9d4c50):  JavaThread "main" [_thread_in_native, id=4240, stack(0x000000b1c1300000,0x000000b1c1400000)]

Stack: [0x000000b1c1300000,0x000000b1c1400000],  sp=0x000000b1c13fb518,  free space=1005k
Native frames: (J=compiled Java code, j=interpreted, Vv=VM code, C=native code)
C  [atio6axx.dll+0x192b60]

Java frames: (J=compiled Java code, j=interpreted, Vv=VM code)
j  org.lwjgl.system.JNI.invokePPPP(IIJJJJ)J+0 org.lwjgl@3.3.1+7
j  org.lwjgl.glfw.GLFW.nglfwCreateWindow(IIJJJ)J+14 org.lwjgl.glfw@3.3.1+7
j  org.lwjgl.glfw.GLFW.glfwCreateWindow(IILjava/lang/CharSequence;JJ)J+34 org.lwjgl.glfw@3.3.1+7
j  net.minecraftforge.fml.earlydisplay.DisplayWindow.initWindow(Ljava/lang/String;)V+408 fmlearlydisplay@1.20.1-47.2.0
j  net.minecraftforge.fml.earlydisplay.DisplayWindow.start(Ljava/lang/String;Ljava/lang/String;)Ljava/lang/Runnable;+14 fmlearlydisplay@1.20.1-47.2.0
j  net.minecraftforge.fml.earlydisplay.DisplayWindow.initialize([Ljava/lang/String;)Ljava/lang/Runnable;+410 fmlearlydisplay@1.20.1-47.2.0
j  net.minecraftforge.fml.loading.ImmediateWindowHandler.load(Ljava/lang/String;[Ljava/lang/String;)V+180 fmlloader@1.20.1-47.2.0
j  net.minecraftforge.fml.loading.ModDirTransformerDiscoverer.earlyInitialization(Ljava/lang/String;[Ljava/lang/String;)V+2 fmlloader@1.20.1-47.2.0
j  cpw.mods.modlauncher.TransformationServicesHandler.lambda$discoverServices$18(Lcpw/mods/modlauncher/ArgumentHandler$DiscoveryData;Lcpw/mods/modlauncher/serviceapi/ITransformerDiscoveryService;)V+9 cpw.mods.modlauncher@10.0.9
j  cpw.mods.modlauncher.TransformationServicesHandler$$Lambda$416+0x0000020116217408.accept(Ljava/lang/Object;)V+8 cpw.mods.modlauncher@10.0.9
j  java.lang.Iterable.forEach(Ljava/util/function/Consumer;)V+30 java.base@17.0.9
j  cpw.mods.modlauncher.TransformationServicesHandler.discoverServices(Lcpw/mods/modlauncher/ArgumentHandler$DiscoveryData;)V+145 cpw.mods.modlauncher@10.0.9
j  cpw.mods.modlauncher.Launcher.run([Ljava/lang/String;)V+14 cpw.mods.modlauncher@10.0.9
j  cpw.mods.modlauncher.Launcher.main([Ljava/lang/String;)V+78 cpw.mods.modlauncher@10.0.9
j  cpw.mods.modlauncher.BootstrapLaunchConsumer.accept([Ljava/lang/String;)V+1 cpw.mods.modlauncher@10.0.9
j  cpw.mods.modlauncher.BootstrapLaunchConsumer.accept(Ljava/lang/Object;)V+5 cpw.mods.modlauncher@10.0.9
j  cpw.mods.bootstraplauncher.BootstrapLauncher.main([Ljava/lang/String;)V+515 cpw.mods.bootstraplauncher@1.1.2
v  ~StubRoutines::call_stub

siginfo: EXCEPTION_ACCESS_VIOLATION (0xc0000005), reading address 0xffffffffffffffff


Registers:
RAX=0x0000000000000000, RBX=0x00007ffe7d9933b0, RCX=0x3263643862616132, RDX=0x00000000000000d1
RSP=0x000000b1c13fb518, RBP=0x000000b1c13fb680, RSI=0x00007ffe7d8a2d40, RDI=0x000000b1c13fb970
R8 =0x00000000000001a5, R9 =0x3263643862616132, R10=0x0000000000000000, R11=0x0000000000000200
R12=0x00007ffe7d993408, R13=0x00007ffe7d995c08, R14=0x00007ffe7d9933b0, R15=0x0000000000000000
RIP=0x00007ffe7a152b60, EFLAGS=0x0000000000010202


Register to memory mapping:

RIP=0x00007ffe7a152b60 atio6axx.dll
RAX=0x0 is NULL
RBX=0x00007ffe7d9933b0 atio6axx.dll
RCX=0x3263643862616132 is an unknown value
RDX=0x00000000000000d1 is an unknown value
RSP=0x000000b1c13fb518 is pointing into the stack for thread: 0x000002016f9d4c50
RBP=0x000000b1c13fb680 is pointing into the stack for thread: 0x000002016f9d4c50
RSI=0x00007ffe7d8a2d40 atio6axx.dll
RDI=0x000000b1c13fb970 is pointing into the stack for thread: 0x000002016f9d4c50
R8 =0x00000000000001a5 is an unknown value
R9 =0x3263643862616132 is an unknown value
R10=0x0 is NULL
R11=0x0000000000000200 is an unknown value
R12=0x00007ffe7d993408 atio6axx.dll
R13=0x00007ffe7d995c08 atio6axx.dll
R14=0x00007ffe7d9933b0 atio6axx.dll
R15=0x0 is NULL


Top of Stack: (sp=0x000000b1c13fb518)
0x000000b1c13fb518:   00007ffe7a152e7c 00007ffe7d996020
0x000000b1c13fb528:   000002015d058f48 0000000000000000
0x000000b1c13fb538:   00007ffe7a153e8d 000000b1c13fb970
0x000000b1c13fb548:   00007ffe7a10f484 00007ffe7d9933b0
0x000000b1c13fb558:   00007ffe7d8a2d40 0000652e6176616a
0x000000b1c13fb568:   0000e3687d1d8ea1 000000b1c13fb970
0x000000b1c13fb578:   00007ffe7a110457 00007ffe7d9933b8
0x000000b1c13fb588:   00007ffe7d8a2d40 00007ffe7d8a2d40
0x000000b1c13fb598:   000002015b8cb59c 00007ffe7d9933b0
0x000000b1c13fb5a8:   00007ffe00000000 0000000000000009
0x000000b1c13fb5b8:   000002015b8cb74c 000002015b8cb8a8
0x000000b1c13fb5c8:   00007ffe7d9933b8 000000b1c13fb970
0x000000b1c13fb5d8:   000000b1c13fb727 00007f006176616a
0x000000b1c13fb5e8:   00007f006176616a 46676e697274535c
0x000000b1c13fb5f8:   5c6f666e49656c69 3062343039303430
0x000000b1c13fb608:   726556656c69465c 000000006e6f6973
0x000000b1c13fb618:   0000000000000000 0000000000000000
0x000000b1c13fb628:   0000000000000000 0000000a0000011c
0x000000b1c13fb638:   00004a6500000000 0000000000000002
0x000000b1c13fb648:   0000000000000000 0000000000000000
0x000000b1c13fb658:   0000000000000000 0000000000000000
0x000000b1c13fb668:   0000000000000000 0000000000000000
0x000000b1c13fb678:   0000000000000000 0000000000000000
0x000000b1c13fb688:   0000000000000000 0000000000000000
0x000000b1c13fb698:   0000000000000000 0000000000000000
0x000000b1c13fb6a8:   0000000000000000 0000000000000000
0x000000b1c13fb6b8:   0000000000000000 0000000000000000
0x000000b1c13fb6c8:   0000000000000000 0000000000000000
0x000000b1c13fb6d8:   0000000000000000 0000000000000000
0x000000b1c13fb6e8:   0000000000000000 0000000000000000
0x000000b1c13fb6f8:   0000000000000000 72676f72505c3a43
0x000000b1c13fb708:   73656c6946206d61 434d5c6f6c79505c 

Instructions: (pc=0x00007ffe7a152b60)
0x00007ffe7a152a60:   74 09 33 c9 ff 15 e6 89 66 03 90 48 8b c3 48 83
0x00007ffe7a152a70:   c4 20 5b c3 cc cc cc cc cc cc cc cc cc cc cc cc
0x00007ffe7a152a80:   48 83 ec 28 48 8b 51 08 48 85 d2 74 09 33 c9 ff
0x00007ffe7a152a90:   15 bb 89 66 03 90 48 83 c4 28 c3 cc cc cc cc cc
0x00007ffe7a152aa0:   48 89 11 c3 cc cc cc cc cc cc cc cc cc cc cc cc
0x00007ffe7a152ab0:   48 8b c1 c3 cc cc cc cc cc cc cc cc cc cc cc cc
0x00007ffe7a152ac0:   48 3b ca 74 10 41 8b 00 39 01 74 09 48 83 c1 04
0x00007ffe7a152ad0:   48 3b ca 75 f3 48 8b c1 c3 cc cc cc cc cc cc cc
0x00007ffe7a152ae0:   48 8b c1 c3 cc cc cc cc cc cc cc cc cc cc cc cc
0x00007ffe7a152af0:   48 83 39 00 0f 94 c0 c3 cc cc cc cc cc cc cc cc
0x00007ffe7a152b00:   4c 8d 04 d5 00 00 00 00 33 d2 e9 c1 d0 dd 01 cc
0x00007ffe7a152b10:   4c 8b 41 08 48 8b 02 49 89 00 48 83 41 08 08 c3
0x00007ffe7a152b20:   48 8b c1 c3 cc cc cc cc cc cc cc cc cc cc cc cc
0x00007ffe7a152b30:   48 8b c1 c3 cc cc cc cc cc cc cc cc cc cc cc cc
0x00007ffe7a152b40:   49 8b 00 48 89 02 c3 cc cc cc cc cc cc cc cc cc
0x00007ffe7a152b50:   8b 81 40 39 00 00 c3 cc cc cc cc cc cc cc cc cc
0x00007ffe7a152b60:   8b 81 40 39 00 00 83 c0 f0 83 f8 67 0f 87 5a 01
0x00007ffe7a152b70:   00 00 48 8d 15 87 d4 e6 ff 0f b6 84 02 f0 2c 19
0x00007ffe7a152b80:   00 8b 8c 82 d0 2c 19 00 48 03 ca ff e1 48 8b 0d
0x00007ffe7a152b90:   6c 6f 7e 03 83 b9 b4 34 00 00 02 0f 87 2b 01 00
0x00007ffe7a152ba0:   00 48 8d 91 0c 29 00 00 c7 02 e1 00 00 00 e9 ce
0x00007ffe7a152bb0:   00 00 00 48 8b 0d 46 6f 7e 03 83 b9 b4 34 00 00
0x00007ffe7a152bc0:   02 0f 87 05 01 00 00 48 8d 91 0c 29 00 00 c7 02
0x00007ffe7a152bd0:   f0 00 00 00 e9 a8 00 00 00 48 8b 0d 20 6f 7e 03
0x00007ffe7a152be0:   83 b9 b4 34 00 00 02 0f 87 df 00 00 00 48 8d 91
0x00007ffe7a152bf0:   0c 29 00 00 c7 02 00 04 00 00 e9 82 00 00 00 48
0x00007ffe7a152c00:   8b 0d fa 6e 7e 03 83 b9 b4 34 00 00 02 0f 87 b9
0x00007ffe7a152c10:   00 00 00 48 8d 91 0c 29 00 00 c7 02 00 08 00 00
0x00007ffe7a152c20:   eb 5f 48 8b 0d d7 6e 7e 03 83 b9 b4 34 00 00 02
0x00007ffe7a152c30:   0f 87 96 00 00 00 48 8d 91 0c 29 00 00 c7 02 00
0x00007ffe7a152c40:   09 00 00 eb 3c 48 8b 0d b4 6e 7e 03 83 b9 b4 34
0x00007ffe7a152c50:   00 00 02 77 77 48 8d 91 0c 29 00 00 c7 02 3c 0f 


Stack slot to memory mapping:
stack at sp + 0 slots: 0x00007ffe7a152e7c atio6axx.dll
stack at sp + 1 slots: 0x00007ffe7d996020 atio6axx.dll
stack at sp + 2 slots: 0x000002015d058f48 points into unknown readable memory: 0x00007ffe7d19f5f0 | f0 f5 19 7d fe 7f 00 00
stack at sp + 3 slots: 0x0 is NULL
stack at sp + 4 slots: 0x00007ffe7a153e8d atio6axx.dll
stack at sp + 5 slots: 0x000000b1c13fb970 is pointing into the stack for thread: 0x000002016f9d4c50
stack at sp + 6 slots: 0x00007ffe7a10f484 atio6axx.dll
stack at sp + 7 slots: 0x00007ffe7d9933b0 atio6axx.dll


---------------  P R O C E S S  ---------------

Threads class SMR info:
_java_thread_list=0x000002015da9dff0, length=15, elements={
0x000002016f9d4c50, 0x0000020156012230, 0x0000020156012fc0, 0x000002015602ed10,
0x000002015602f7e0, 0x00000201560340d0, 0x00000201560349a0, 0x000002015603aab0,
0x00000201560455f0, 0x0000020156045f00, 0x0000020156145bd0, 0x0000020156162c00,
0x0000020156235150, 0x0000020156a074f0, 0x000002015ceea590
}

Java Threads: ( => current thread )
=>0x000002016f9d4c50 JavaThread "main" [_thread_in_native, id=4240, stack(0x000000b1c1300000,0x000000b1c1400000)]
  0x0000020156012230 JavaThread "Reference Handler" daemon [_thread_blocked, id=2516, stack(0x000000b1c1a00000,0x000000b1c1b00000)]
  0x0000020156012fc0 JavaThread "Finalizer" daemon [_thread_blocked, id=16892, stack(0x000000b1c1b00000,0x000000b1c1c00000)]
  0x000002015602ed10 JavaThread "Signal Dispatcher" daemon [_thread_blocked, id=11436, stack(0x000000b1c1c00000,0x000000b1c1d00000)]
  0x000002015602f7e0 JavaThread "Attach Listener" daemon [_thread_blocked, id=16168, stack(0x000000b1c1d00000,0x000000b1c1e00000)]
  0x00000201560340d0 JavaThread "Service Thread" daemon [_thread_blocked, id=11112, stack(0x000000b1c1e00000,0x000000b1c1f00000)]
  0x00000201560349a0 JavaThread "Monitor Deflation Thread" daemon [_thread_blocked, id=7072, stack(0x000000b1c1f00000,0x000000b1c2000000)]
  0x000002015603aab0 JavaThread "C2 CompilerThread0" daemon [_thread_blocked, id=7328, stack(0x000000b1c2000000,0x000000b1c2100000)]
  0x00000201560455f0 JavaThread "C1 CompilerThread0" daemon [_thread_blocked, id=8724, stack(0x000000b1c2100000,0x000000b1c2200000)]
  0x0000020156045f00 JavaThread "Sweeper thread" daemon [_thread_blocked, id=3276, stack(0x000000b1c2200000,0x000000b1c2300000)]
  0x0000020156145bd0 JavaThread "Common-Cleaner" daemon [_thread_blocked, id=9236, stack(0x000000b1c2300000,0x000000b1c2400000)]
  0x0000020156162c00 JavaThread "C2 CompilerThread1" daemon [_thread_blocked, id=6896, stack(0x000000b1c2400000,0x000000b1c2500000)]
  0x0000020156235150 JavaThread "Notification Thread" daemon [_thread_blocked, id=5540, stack(0x000000b1c2500000,0x000000b1c2600000)]
  0x0000020156a074f0 JavaThread "C2 CompilerThread2" daemon [_thread_in_native, id=8928, stack(0x000000b1c2c00000,0x000000b1c2d00000)]
  0x000002015ceea590 JavaThread "pool-2-thread-1" daemon [_thread_blocked, id=16116, stack(0x000000b1c3100000,0x000000b1c3200000)]

Other Threads:
  0x000002015600d810 VMThread "VM Thread" [stack: 0x000000b1c1900000,0x000000b1c1a00000] [id=17308]
  0x000002016f9d5b20 WatcherThread [stack: 0x000000b1c2600000,0x000000b1c2700000] [id=9600]
  0x000002016fa40560 GCTaskThread "GC Thread#0" [stack: 0x000000b1c1400000,0x000000b1c1500000] [id=9812]
  0x0000020156a22a10 GCTaskThread "GC Thread#1" [stack: 0x000000b1c2700000,0x000000b1c2800000] [id=13380]
  0x0000020156a22cd0 GCTaskThread "GC Thread#2" [stack: 0x000000b1c2800000,0x000000b1c2900000] [id=16864]
  0x0000020156a22f90 GCTaskThread "GC Thread#3" [stack: 0x000000b1c2900000,0x000000b1c2a00000] [id=16848]
  0x0000020156a23250 GCTaskThread "GC Thread#4" [stack: 0x000000b1c2a00000,0x000000b1c2b00000] [id=2576]
  0x0000020156b85540 GCTaskThread "GC Thread#5" [stack: 0x000000b1c2b00000,0x000000b1c2c00000] [id=9720]
  0x000002015c7c36f0 GCTaskThread "GC Thread#6" [stack: 0x000000b1c2d00000,0x000000b1c2e00000] [id=17136]
  0x000002016fa52320 ConcurrentGCThread "G1 Main Marker" [stack: 0x000000b1c1500000,0x000000b1c1600000] [id=10472]
  0x000002016fa54400 ConcurrentGCThread "G1 Conc#0" [stack: 0x000000b1c1600000,0x000000b1c1700000] [id=9604]
  0x000002017f8b6b00 ConcurrentGCThread "G1 Refine#0" [stack: 0x000000b1c1700000,0x000000b1c1800000] [id=4640]
  0x000002017f8b7440 ConcurrentGCThread "G1 Service" [stack: 0x000000b1c1800000,0x000000b1c1900000] [id=3584]

Threads with active compile tasks:
C2 CompilerThread2     4117 3620       4       jdk.internal.org.objectweb.asm.Frame::execute (2305 bytes)

VM state: not at safepoint (normal execution)

VM Mutex/Monitor currently owned by a thread: None

Heap address: 0x0000000700c00000, size: 4084 MB, Compressed Oops mode: Zero based, Oop shift amount: 3

CDS archive(s) mapped at: [0x0000020115000000-0x0000020115ba0000-0x0000020115ba0000), size 12189696, SharedBaseAddress: 0x0000020115000000, ArchiveRelocationMode: 1.
Compressed class space mapped at: 0x0000020116000000-0x0000020156000000, reserved size: 1073741824
Narrow klass base: 0x0000020115000000, Narrow klass shift: 0, Narrow klass range: 0x100000000

GC Precious Log:
 CPUs: 12 total, 12 available
 Memory: 16332M
 Large Page Support: Disabled
 NUMA Support: Disabled
 Compressed Oops: Enabled (Zero based)
 Heap Region Size: 2M
 Heap Min Capacity: 8M
 Heap Initial Capacity: 256M
 Heap Max Capacity: 4084M
 Pre-touch: Disabled
 Parallel Workers: 10
 Concurrent Workers: 3
 Concurrent Refinement Workers: 10
 Periodic GC: Disabled

Heap:
 garbage-first heap   total 262144K, used 123362K [0x0000000700c00000, 0x0000000800000000)
  region size 2048K, 52 young (106496K), 7 survivors (14336K)
 Metaspace       used 16748K, committed 17088K, reserved 1114112K
  class space    used 1906K, committed 2048K, reserved 1048576K

Heap Regions: E=young(eden), S=young(survivor), O=old, HS=humongous(starts), HC=humongous(continues), CS=collection set, F=free, OA=open archive, CA=closed archive, TAMS=top-at-mark-start (previous, next)
|   0|0x0000000700c00000, 0x0000000700e00000, 0x0000000700e00000|100%|HS|  |TAMS 0x0000000700c00000, 0x0000000700c00000| Complete 
|   1|0x0000000700e00000, 0x0000000701000000, 0x0000000701000000|100%| O|  |TAMS 0x0000000700e00000, 0x0000000700e00000| Untracked 
|   2|0x0000000701000000, 0x0000000701200000, 0x0000000701200000|100%| O|  |TAMS 0x0000000701000000, 0x0000000701000000| Untracked 
|   3|0x0000000701200000, 0x0000000701400000, 0x0000000701400000|100%|HS|  |TAMS 0x0000000701200000, 0x0000000701200000| Complete 
|   4|0x0000000701400000, 0x0000000701600000, 0x0000000701600000|100%| O|  |TAMS 0x0000000701400000, 0x0000000701400000| Untracked 
|   5|0x0000000701600000, 0x0000000701800000, 0x0000000701800000|100%| O|  |TAMS 0x0000000701600000, 0x0000000701600000| Untracked 
|   6|0x0000000701800000, 0x0000000701a00000, 0x0000000701a00000|100%|HS|  |TAMS 0x0000000701800000, 0x0000000701800000| Complete 
|   7|0x0000000701a00000, 0x0000000701c00000, 0x0000000701c00000|100%|HS|  |TAMS 0x0000000701a00000, 0x0000000701a00000| Complete 
|   8|0x0000000701c00000, 0x0000000701e00000, 0x0000000701e00000|100%| O|  |TAMS 0x0000000701c00000, 0x0000000701c00000| Untracked 
|   9|0x0000000701e00000, 0x0000000702000000, 0x0000000702000000|100%| O|  |TAMS 0x0000000701e00000, 0x0000000701e00000| Untracked 
|  10|0x0000000702000000, 0x0000000702167200, 0x0000000702200000| 70%| O|  |TAMS 0x0000000702000000, 0x0000000702000000| Untracked 
|  11|0x0000000702200000, 0x0000000702200000, 0x0000000702400000|  0%| F|  |TAMS 0x0000000702200000, 0x0000000702200000| Untracked 
|  12|0x0000000702400000, 0x0000000702400000, 0x0000000702600000|  0%| F|  |TAMS 0x0000000702400000, 0x0000000702400000| Untracked 
|  13|0x0000000702600000, 0x0000000702600000, 0x0000000702800000|  0%| F|  |TAMS 0x0000000702600000, 0x0000000702600000| Untracked 
|  14|0x0000000702800000, 0x0000000702800000, 0x0000000702a00000|  0%| F|  |TAMS 0x0000000702800000, 0x0000000702800000| Untracked 
|  15|0x0000000702a00000, 0x0000000702a00000, 0x0000000702c00000|  0%| F|  |TAMS 0x0000000702a00000, 0x0000000702a00000| Untracked 
|  16|0x0000000702c00000, 0x0000000702c00000, 0x0000000702e00000|  0%| F|  |TAMS 0x0000000702c00000, 0x0000000702c00000| Untracked 
|  17|0x0000000702e00000, 0x0000000702e00000, 0x0000000703000000|  0%| F|  |TAMS 0x0000000702e00000, 0x0000000702e00000| Untracked 
|  18|0x0000000703000000, 0x0000000703000000, 0x0000000703200000|  0%| F|  |TAMS 0x0000000703000000, 0x0000000703000000| Untracked 
|  19|0x0000000703200000, 0x0000000703200000, 0x0000000703400000|  0%| F|  |TAMS 0x0000000703200000, 0x0000000703200000| Untracked 
|  20|0x0000000703400000, 0x0000000703400000, 0x0000000703600000|  0%| F|  |TAMS 0x0000000703400000, 0x0000000703400000| Untracked 
|  21|0x0000000703600000, 0x0000000703600000, 0x0000000703800000|  0%| F|  |TAMS 0x0000000703600000, 0x0000000703600000| Untracked 
|  22|0x0000000703800000, 0x0000000703800000, 0x0000000703a00000|  0%| F|  |TAMS 0x0000000703800000, 0x0000000703800000| Untracked 
|  23|0x0000000703a00000, 0x0000000703a00000, 0x0000000703c00000|  0%| F|  |TAMS 0x0000000703a00000, 0x0000000703a00000| Untracked 
|  24|0x0000000703c00000, 0x0000000703c00000, 0x0000000703e00000|  0%| F|  |TAMS 0x0000000703c00000, 0x0000000703c00000| Untracked 
|  25|0x0000000703e00000, 0x0000000703e00000, 0x0000000704000000|  0%| F|  |TAMS 0x0000000703e00000, 0x0000000703e00000| Untracked 
|  26|0x0000000704000000, 0x0000000704000000, 0x0000000704200000|  0%| F|  |TAMS 0x0000000704000000, 0x0000000704000000| Untracked 
|  27|0x0000000704200000, 0x0000000704200000, 0x0000000704400000|  0%| F|  |TAMS 0x0000000704200000, 0x0000000704200000| Untracked 
|  28|0x0000000704400000, 0x0000000704400000, 0x0000000704600000|  0%| F|  |TAMS 0x0000000704400000, 0x0000000704400000| Untracked 
|  29|0x0000000704600000, 0x0000000704600000, 0x0000000704800000|  0%| F|  |TAMS 0x0000000704600000, 0x0000000704600000| Untracked 
|  30|0x0000000704800000, 0x0000000704800000, 0x0000000704a00000|  0%| F|  |TAMS 0x0000000704800000, 0x0000000704800000| Untracked 
|  31|0x0000000704a00000, 0x0000000704a00000, 0x0000000704c00000|  0%| F|  |TAMS 0x0000000704a00000, 0x0000000704a00000| Untracked 
|  32|0x0000000704c00000, 0x0000000704c00000, 0x0000000704e00000|  0%| F|  |TAMS 0x0000000704c00000, 0x0000000704c00000| Untracked 
|  33|0x0000000704e00000, 0x0000000704e00000, 0x0000000705000000|  0%| F|  |TAMS 0x0000000704e00000, 0x0000000704e00000| Untracked 
|  34|0x0000000705000000, 0x0000000705000000, 0x0000000705200000|  0%| F|  |TAMS 0x0000000705000000, 0x0000000705000000| Untracked 
|  35|0x0000000705200000, 0x0000000705200000, 0x0000000705400000|  0%| F|  |TAMS 0x0000000705200000, 0x0000000705200000| Untracked 
|  36|0x0000000705400000, 0x0000000705400000, 0x0000000705600000|  0%| F|  |TAMS 0x0000000705400000, 0x0000000705400000| Untracked 
|  37|0x0000000705600000, 0x0000000705600000, 0x0000000705800000|  0%| F|  |TAMS 0x0000000705600000, 0x0000000705600000| Untracked 
|  38|0x0000000705800000, 0x0000000705800000, 0x0000000705a00000|  0%| F|  |TAMS 0x0000000705800000, 0x0000000705800000| Untracked 
|  39|0x0000000705a00000, 0x0000000705a00000, 0x0000000705c00000|  0%| F|  |TAMS 0x0000000705a00000, 0x0000000705a00000| Untracked 
|  40|0x0000000705c00000, 0x0000000705c00000, 0x0000000705e00000|  0%| F|  |TAMS 0x0000000705c00000, 0x0000000705c00000| Untracked 
|  41|0x0000000705e00000, 0x0000000705e00000, 0x0000000706000000|  0%| F|  |TAMS 0x0000000705e00000, 0x0000000705e00000| Untracked 
|  42|0x0000000706000000, 0x0000000706000000, 0x0000000706200000|  0%| F|  |TAMS 0x0000000706000000, 0x0000000706000000| Untracked 
|  43|0x0000000706200000, 0x0000000706200000, 0x0000000706400000|  0%| F|  |TAMS 0x0000000706200000, 0x0000000706200000| Untracked 
|  44|0x0000000706400000, 0x0000000706400000, 0x0000000706600000|  0%| F|  |TAMS 0x0000000706400000, 0x0000000706400000| Untracked 
|  45|0x0000000706600000, 0x0000000706600000, 0x0000000706800000|  0%| F|  |TAMS 0x0000000706600000, 0x0000000706600000| Untracked 
|  46|0x0000000706800000, 0x0000000706800000, 0x0000000706a00000|  0%| F|  |TAMS 0x0000000706800000, 0x0000000706800000| Untracked 
|  47|0x0000000706a00000, 0x0000000706a00000, 0x0000000706c00000|  0%| F|  |TAMS 0x0000000706a00000, 0x0000000706a00000| Untracked 
|  48|0x0000000706c00000, 0x0000000706c00000, 0x0000000706e00000|  0%| F|  |TAMS 0x0000000706c00000, 0x0000000706c00000| Untracked 
|  49|0x0000000706e00000, 0x0000000706e00000, 0x0000000707000000|  0%| F|  |TAMS 0x0000000706e00000, 0x0000000706e00000| Untracked 
|  50|0x0000000707000000, 0x0000000707000000, 0x0000000707200000|  0%| F|  |TAMS 0x0000000707000000, 0x0000000707000000| Untracked 
|  51|0x0000000707200000, 0x0000000707200000, 0x0000000707400000|  0%| F|  |TAMS 0x0000000707200000, 0x0000000707200000| Untracked 
|  52|0x0000000707400000, 0x0000000707511718, 0x0000000707600000| 53%| S|CS|TAMS 0x0000000707400000, 0x0000000707400000| Complete 
|  53|0x0000000707600000, 0x0000000707800000, 0x0000000707800000|100%| S|CS|TAMS 0x0000000707600000, 0x0000000707600000| Complete 
|  54|0x0000000707800000, 0x0000000707a00000, 0x0000000707a00000|100%| S|CS|TAMS 0x0000000707800000, 0x0000000707800000| Complete 
|  55|0x0000000707a00000, 0x0000000707c00000, 0x0000000707c00000|100%| S|CS|TAMS 0x0000000707a00000, 0x0000000707a00000| Complete 
|  56|0x0000000707c00000, 0x0000000707e00000, 0x0000000707e00000|100%| S|CS|TAMS 0x0000000707c00000, 0x0000000707c00000| Complete 
|  57|0x0000000707e00000, 0x0000000708000000, 0x0000000708000000|100%| S|CS|TAMS 0x0000000707e00000, 0x0000000707e00000| Complete 
|  58|0x0000000708000000, 0x0000000708200000, 0x0000000708200000|100%| S|CS|TAMS 0x0000000708000000, 0x0000000708000000| Complete 
|  59|0x0000000708200000, 0x0000000708200000, 0x0000000708400000|  0%| F|  |TAMS 0x0000000708200000, 0x0000000708200000| Untracked 
|  60|0x0000000708400000, 0x0000000708400000, 0x0000000708600000|  0%| F|  |TAMS 0x0000000708400000, 0x0000000708400000| Untracked 
|  61|0x0000000708600000, 0x0000000708600000, 0x0000000708800000|  0%| F|  |TAMS 0x0000000708600000, 0x0000000708600000| Untracked 
|  62|0x0000000708800000, 0x0000000708800000, 0x0000000708a00000|  0%| F|  |TAMS 0x0000000708800000, 0x0000000708800000| Untracked 
|  63|0x0000000708a00000, 0x0000000708a00000, 0x0000000708c00000|  0%| F|  |TAMS 0x0000000708a00000, 0x0000000708a00000| Untracked 
|  64|0x0000000708c00000, 0x0000000708c00000, 0x0000000708e00000|  0%| F|  |TAMS 0x0000000708c00000, 0x0000000708c00000| Untracked 
|  65|0x0000000708e00000, 0x0000000708e00000, 0x0000000709000000|  0%| F|  |TAMS 0x0000000708e00000, 0x0000000708e00000| Untracked 
|  66|0x0000000709000000, 0x0000000709000000, 0x0000000709200000|  0%| F|  |TAMS 0x0000000709000000, 0x0000000709000000| Untracked 
|  67|0x0000000709200000, 0x0000000709200000, 0x0000000709400000|  0%| F|  |TAMS 0x0000000709200000, 0x0000000709200000| Untracked 
|  68|0x0000000709400000, 0x0000000709400000, 0x0000000709600000|  0%| F|  |TAMS 0x0000000709400000, 0x0000000709400000| Untracked 
|  69|0x0000000709600000, 0x0000000709600000, 0x0000000709800000|  0%| F|  |TAMS 0x0000000709600000, 0x0000000709600000| Untracked 
|  70|0x0000000709800000, 0x0000000709800000, 0x0000000709a00000|  0%| F|  |TAMS 0x0000000709800000, 0x0000000709800000| Untracked 
|  71|0x0000000709a00000, 0x0000000709a00000, 0x0000000709c00000|  0%| F|  |TAMS 0x0000000709a00000, 0x0000000709a00000| Untracked 
|  72|0x0000000709c00000, 0x0000000709c00000, 0x0000000709e00000|  0%| F|  |TAMS 0x0000000709c00000, 0x0000000709c00000| Untracked 
|  73|0x0000000709e00000, 0x0000000709e00000, 0x000000070a000000|  0%| F|  |TAMS 0x0000000709e00000, 0x0000000709e00000| Untracked 
|  74|0x000000070a000000, 0x000000070a000000, 0x000000070a200000|  0%| F|  |TAMS 0x000000070a000000, 0x000000070a000000| Untracked 
|  75|0x000000070a200000, 0x000000070a200000, 0x000000070a400000|  0%| F|  |TAMS 0x000000070a200000, 0x000000070a200000| Untracked 
|  76|0x000000070a400000, 0x000000070a400000, 0x000000070a600000|  0%| F|  |TAMS 0x000000070a400000, 0x000000070a400000| Untracked 
|  77|0x000000070a600000, 0x000000070a600000, 0x000000070a800000|  0%| F|  |TAMS 0x000000070a600000, 0x000000070a600000| Untracked 
|  78|0x000000070a800000, 0x000000070a800000, 0x000000070aa00000|  0%| F|  |TAMS 0x000000070a800000, 0x000000070a800000| Untracked 
|  79|0x000000070aa00000, 0x000000070aa00000, 0x000000070ac00000|  0%| F|  |TAMS 0x000000070aa00000, 0x000000070aa00000| Untracked 
|  80|0x000000070ac00000, 0x000000070ac00000, 0x000000070ae00000|  0%| F|  |TAMS 0x000000070ac00000, 0x000000070ac00000| Untracked 
|  81|0x000000070ae00000, 0x000000070ae00000, 0x000000070b000000|  0%| F|  |TAMS 0x000000070ae00000, 0x000000070ae00000| Untracked 
|  82|0x000000070b000000, 0x000000070b000000, 0x000000070b200000|  0%| F|  |TAMS 0x000000070b000000, 0x000000070b000000| Untracked 
|  83|0x000000070b200000, 0x000000070b400000, 0x000000070b400000|100%| E|  |TAMS 0x000000070b200000, 0x000000070b200000| Complete 
|  84|0x000000070b400000, 0x000000070b600000, 0x000000070b600000|100%| E|CS|TAMS 0x000000070b400000, 0x000000070b400000| Complete 
|  85|0x000000070b600000, 0x000000070b800000, 0x000000070b800000|100%| E|  |TAMS 0x000000070b600000, 0x000000070b600000| Complete 
|  86|0x000000070b800000, 0x000000070ba00000, 0x000000070ba00000|100%| E|CS|TAMS 0x000000070b800000, 0x000000070b800000| Complete 
|  87|0x000000070ba00000, 0x000000070bc00000, 0x000000070bc00000|100%| E|CS|TAMS 0x000000070ba00000, 0x000000070ba00000| Complete 
|  88|0x000000070bc00000, 0x000000070be00000, 0x000000070be00000|100%| E|CS|TAMS 0x000000070bc00000, 0x000000070bc00000| Complete 
|  89|0x000000070be00000, 0x000000070c000000, 0x000000070c000000|100%| E|CS|TAMS 0x000000070be00000, 0x000000070be00000| Complete 
|  90|0x000000070c000000, 0x000000070c200000, 0x000000070c200000|100%| E|CS|TAMS 0x000000070c000000, 0x000000070c000000| Complete 
|  91|0x000000070c200000, 0x000000070c400000, 0x000000070c400000|100%| E|CS|TAMS 0x000000070c200000, 0x000000070c200000| Complete 
|  92|0x000000070c400000, 0x000000070c600000, 0x000000070c600000|100%| E|CS|TAMS 0x000000070c400000, 0x000000070c400000| Complete 
|  93|0x000000070c600000, 0x000000070c800000, 0x000000070c800000|100%| E|CS|TAMS 0x000000070c600000, 0x000000070c600000| Complete 
|  94|0x000000070c800000, 0x000000070ca00000, 0x000000070ca00000|100%| E|CS|TAMS 0x000000070c800000, 0x000000070c800000| Complete 
|  95|0x000000070ca00000, 0x000000070cc00000, 0x000000070cc00000|100%| E|CS|TAMS 0x000000070ca00000, 0x000000070ca00000| Complete 
|  96|0x000000070cc00000, 0x000000070ce00000, 0x000000070ce00000|100%| E|CS|TAMS 0x000000070cc00000, 0x000000070cc00000| Complete 
|  97|0x000000070ce00000, 0x000000070d000000, 0x000000070d000000|100%| E|CS|TAMS 0x000000070ce00000, 0x000000070ce00000| Complete 
|  98|0x000000070d000000, 0x000000070d200000, 0x000000070d200000|100%| E|CS|TAMS 0x000000070d000000, 0x000000070d000000| Complete 
|  99|0x000000070d200000, 0x000000070d400000, 0x000000070d400000|100%| E|CS|TAMS 0x000000070d200000, 0x000000070d200000| Complete 
| 100|0x000000070d400000, 0x000000070d600000, 0x000000070d600000|100%| E|CS|TAMS 0x000000070d400000, 0x000000070d400000| Complete 
| 101|0x000000070d600000, 0x000000070d800000, 0x000000070d800000|100%| E|CS|TAMS 0x000000070d600000, 0x000000070d600000| Complete 
| 102|0x000000070d800000, 0x000000070da00000, 0x000000070da00000|100%| E|CS|TAMS 0x000000070d800000, 0x000000070d800000| Complete 
| 103|0x000000070da00000, 0x000000070dc00000, 0x000000070dc00000|100%| E|CS|TAMS 0x000000070da00000, 0x000000070da00000| Complete 
| 104|0x000000070dc00000, 0x000000070de00000, 0x000000070de00000|100%| E|CS|TAMS 0x000000070dc00000, 0x000000070dc00000| Complete 
| 105|0x000000070de00000, 0x000000070e000000, 0x000000070e000000|100%| E|CS|TAMS 0x000000070de00000, 0x000000070de00000| Complete 
| 106|0x000000070e000000, 0x000000070e200000, 0x000000070e200000|100%| E|CS|TAMS 0x000000070e000000, 0x000000070e000000| Complete 
| 107|0x000000070e200000, 0x000000070e400000, 0x000000070e400000|100%| E|CS|TAMS 0x000000070e200000, 0x000000070e200000| Complete 
| 108|0x000000070e400000, 0x000000070e600000, 0x000000070e600000|100%| E|CS|TAMS 0x000000070e400000, 0x000000070e400000| Complete 
| 109|0x000000070e600000, 0x000000070e800000, 0x000000070e800000|100%| E|CS|TAMS 0x000000070e600000, 0x000000070e600000| Complete 
| 110|0x000000070e800000, 0x000000070ea00000, 0x000000070ea00000|100%| E|CS|TAMS 0x000000070e800000, 0x000000070e800000| Complete 
| 111|0x000000070ea00000, 0x000000070ec00000, 0x000000070ec00000|100%| E|CS|TAMS 0x000000070ea00000, 0x000000070ea00000| Complete 
| 112|0x000000070ec00000, 0x000000070ee00000, 0x000000070ee00000|100%| E|CS|TAMS 0x000000070ec00000, 0x000000070ec00000| Complete 
| 113|0x000000070ee00000, 0x000000070f000000, 0x000000070f000000|100%| E|CS|TAMS 0x000000070ee00000, 0x000000070ee00000| Complete 
| 114|0x000000070f000000, 0x000000070f200000, 0x000000070f200000|100%| E|CS|TAMS 0x000000070f000000, 0x000000070f000000| Complete 
| 115|0x000000070f200000, 0x000000070f400000, 0x000000070f400000|100%| E|CS|TAMS 0x000000070f200000, 0x000000070f200000| Complete 
| 116|0x000000070f400000, 0x000000070f600000, 0x000000070f600000|100%| E|CS|TAMS 0x000000070f400000, 0x000000070f400000| Complete 
| 117|0x000000070f600000, 0x000000070f800000, 0x000000070f800000|100%| E|CS|TAMS 0x000000070f600000, 0x000000070f600000| Complete 
| 118|0x000000070f800000, 0x000000070fa00000, 0x000000070fa00000|100%| E|CS|TAMS 0x000000070f800000, 0x000000070f800000| Complete 
| 119|0x000000070fa00000, 0x000000070fc00000, 0x000000070fc00000|100%| E|CS|TAMS 0x000000070fa00000, 0x000000070fa00000| Complete 
| 120|0x000000070fc00000, 0x000000070fe00000, 0x000000070fe00000|100%| E|CS|TAMS 0x000000070fc00000, 0x000000070fc00000| Complete 
| 121|0x000000070fe00000, 0x0000000710000000, 0x0000000710000000|100%| E|CS|TAMS 0x000000070fe00000, 0x000000070fe00000| Complete 
| 122|0x0000000710000000, 0x0000000710200000, 0x0000000710200000|100%| E|CS|TAMS 0x0000000710000000, 0x0000000710000000| Complete 
| 123|0x0000000710200000, 0x0000000710400000, 0x0000000710400000|100%| E|CS|TAMS 0x0000000710200000, 0x0000000710200000| Complete 
| 124|0x0000000710400000, 0x0000000710600000, 0x0000000710600000|100%| E|CS|TAMS 0x0000000710400000, 0x0000000710400000| Complete 
| 125|0x0000000710600000, 0x0000000710800000, 0x0000000710800000|100%| E|CS|TAMS 0x0000000710600000, 0x0000000710600000| Complete 
| 126|0x0000000710800000, 0x0000000710a00000, 0x0000000710a00000|100%| E|CS|TAMS 0x0000000710800000, 0x0000000710800000| Complete 
| 127|0x0000000710a00000, 0x0000000710c00000, 0x0000000710c00000|100%| E|CS|TAMS 0x0000000710a00000, 0x0000000710a00000| Complete 

Card table byte_map: [0x000002017a130000,0x000002017a930000] _byte_map_base: 0x000002017692a000

Marking Bits (Prev, Next): (CMBitMap*) 0x000002016fa40a90, (CMBitMap*) 0x000002016fa40ad0
 Prev Bits: [0x000002017b130000, 0x000002017f100000)
 Next Bits: [0x000002010f000000, 0x0000020112fd0000)

Polling page: 0x0000020178c80000

Metaspace:

Usage:
  Non-class:     14.49 MB used.
      Class:      1.86 MB used.
       Both:     16.36 MB used.

Virtual space:
  Non-class space:       64.00 MB reserved,      14.69 MB ( 23%) committed,  1 nodes.
      Class space:        1.00 GB reserved,       2.00 MB ( <1%) committed,  1 nodes.
             Both:        1.06 GB reserved,      16.69 MB (  2%) committed. 

Chunk freelists:
   Non-Class:  804.00 KB
       Class:  13.82 MB
        Both:  14.61 MB

MaxMetaspaceSize: unlimited
CompressedClassSpaceSize: 1.00 GB
Initial GC threshold: 21.00 MB
Current GC threshold: 21.00 MB
CDS: on
MetaspaceReclaimPolicy: balanced
 - commit_granule_bytes: 65536.
 - commit_granule_words: 8192.
 - virtual_space_node_default_size: 8388608.
 - enlarge_chunks_in_place: 1.
 - new_chunks_are_fully_committed: 0.
 - uncommit_free_chunks: 1.
 - use_allocation_guard: 0.
 - handle_deallocations: 1.


Internal statistics:

num_allocs_failed_limit: 0.
num_arena_births: 298.
num_arena_deaths: 0.
num_vsnodes_births: 2.
num_vsnodes_deaths: 0.
num_space_committed: 267.
num_space_uncommitted: 0.
num_chunks_returned_to_freelist: 0.
num_chunks_taken_from_freelist: 713.
num_chunk_merges: 0.
num_chunk_splits: 445.
num_chunks_enlarged: 292.
num_inconsistent_stats: 0.

CodeHeap 'non-profiled nmethods': size=120000Kb used=2206Kb max_used=2206Kb free=117793Kb
 bounds [0x0000020107ad0000, 0x0000020107d40000, 0x000002010f000000]
CodeHeap 'profiled nmethods': size=120000Kb used=6856Kb max_used=6856Kb free=113143Kb
 bounds [0x0000020100000000, 0x00000201006c0000, 0x0000020107530000]
CodeHeap 'non-nmethods': size=5760Kb used=1621Kb max_used=1664Kb free=4138Kb
 bounds [0x0000020107530000, 0x00000201077a0000, 0x0000020107ad0000]
 total_blobs=4701 nmethods=3651 adapters=962
 compilation: enabled
              stopped_count=0, restarted_count=0
 full_count=0

Compilation events (20 events):
Event: 3.977 Thread 0x00000201560455f0 nmethod 3651 0x00000201006abd90 code [0x00000201006abf20, 0x00000201006ac038]
Event: 3.977 Thread 0x00000201560455f0 3652       3       java.lang.invoke.InvokerBytecodeGenerator::isStaticallyInvocable (165 bytes)
Event: 3.979 Thread 0x00000201560455f0 nmethod 3652 0x00000201006ac110 code [0x00000201006ac540, 0x00000201006ae228]
Event: 3.979 Thread 0x00000201560455f0 3656       3       java.lang.invoke.LambdaForm$Name::internArguments (62 bytes)
Event: 3.980 Thread 0x00000201560455f0 nmethod 3656 0x00000201006ae990 code [0x00000201006aeb80, 0x00000201006af288]
Event: 3.980 Thread 0x00000201560455f0 3653       3       java.lang.invoke.MemberName::isPrivate (8 bytes)
Event: 3.980 Thread 0x00000201560455f0 nmethod 3653 0x00000201006af410 code [0x00000201006af5a0, 0x00000201006af778]
Event: 3.980 Thread 0x00000201560455f0 3654       3       java.lang.invoke.InvokerBytecodeGenerator::emitStaticInvoke (258 bytes)
Event: 3.981 Thread 0x00000201560455f0 nmethod 3654 0x00000201006af810 code [0x00000201006afb20, 0x00000201006b0aa8]
Event: 3.981 Thread 0x00000201560455f0 3655       3       java.lang.invoke.InvokerBytecodeGenerator::refKindOpcode (112 bytes)
Event: 3.982 Thread 0x00000201560455f0 nmethod 3655 0x00000201006b1090 code [0x00000201006b1300, 0x00000201006b1bb8]
Event: 3.982 Thread 0x00000201560455f0 3658       3       java.lang.reflect.Modifier::isPrivate (12 bytes)
Event: 3.982 Thread 0x00000201560455f0 nmethod 3658 0x00000201006b1e10 code [0x00000201006b1fa0, 0x00000201006b20f8]
Event: 3.982 Thread 0x00000201560455f0 3657       1       java.lang.invoke.InvokerBytecodeGenerator::setClassWriter (6 bytes)
Event: 3.982 Thread 0x00000201560455f0 nmethod 3657 0x0000020107cea090 code [0x0000020107cea220, 0x0000020107cea338]
Event: 3.982 Thread 0x00000201560455f0 3659       1       java.lang.Class::getClassData (5 bytes)
Event: 3.982 Thread 0x00000201560455f0 nmethod 3659 0x0000020107cea390 code [0x0000020107cea520, 0x0000020107cea5f8]
Event: 3.999 Thread 0x000002015603aab0 nmethod 3639 0x0000020107cea690 code [0x0000020107cea940, 0x0000020107cebe58]
Event: 3.999 Thread 0x000002015603aab0 3650       4       jdk.internal.org.objectweb.asm.Frame::push (109 bytes)
Event: 4.002 Thread 0x000002015603aab0 nmethod 3650 0x0000020107cecd10 code [0x0000020107cecea0, 0x0000020107ced138]

GC Heap History (10 events):
Event: 0.632 GC heap before
{Heap before GC invocations=0 (full 0):
 garbage-first heap   total 262144K, used 28672K [0x0000000700c00000, 0x0000000800000000)
  region size 2048K, 11 young (22528K), 0 survivors (0K)
 Metaspace       used 2660K, committed 2880K, reserved 1114112K
  class space    used 256K, committed 384K, reserved 1048576K
}
Event: 0.636 GC heap after
{Heap after GC invocations=1 (full 0):
 garbage-first heap   total 262144K, used 11324K [0x0000000700c00000, 0x0000000800000000)
  region size 2048K, 2 young (4096K), 2 survivors (4096K)
 Metaspace       used 2660K, committed 2880K, reserved 1114112K
  class space    used 256K, committed 384K, reserved 1048576K
}
Event: 0.989 GC heap before
{Heap before GC invocations=1 (full 0):
 garbage-first heap   total 262144K, used 33852K [0x0000000700c00000, 0x0000000800000000)
  region size 2048K, 13 young (26624K), 2 survivors (4096K)
 Metaspace       used 4852K, committed 5056K, reserved 1114112K
  class space    used 478K, committed 576K, reserved 1048576K
}
Event: 0.993 GC heap after
{Heap after GC invocations=2 (full 0):
 garbage-first heap   total 262144K, used 13179K [0x0000000700c00000, 0x0000000800000000)
  region size 2048K, 1 young (2048K), 1 survivors (2048K)
 Metaspace       used 4852K, committed 5056K, reserved 1114112K
  class space    used 478K, committed 576K, reserved 1048576K
}
Event: 1.327 GC heap before
{Heap before GC invocations=2 (full 0):
 garbage-first heap   total 262144K, used 74619K [0x0000000700c00000, 0x0000000800000000)
  region size 2048K, 30 young (61440K), 1 survivors (2048K)
 Metaspace       used 4931K, committed 5120K, reserved 1114112K
  class space    used 478K, committed 576K, reserved 1048576K
}
Event: 1.331 GC heap after
{Heap after GC invocations=3 (full 0):
 garbage-first heap   total 262144K, used 20268K [0x0000000700c00000, 0x0000000800000000)
  region size 2048K, 4 young (8192K), 4 survivors (8192K)
 Metaspace       used 4931K, committed 5120K, reserved 1114112K
  class space    used 478K, committed 576K, reserved 1048576K
}
Event: 2.154 GC heap before
{Heap before GC invocations=3 (full 0):
 garbage-first heap   total 262144K, used 167724K [0x0000000700c00000, 0x0000000800000000)
  region size 2048K, 76 young (155648K), 4 survivors (8192K)
 Metaspace       used 5131K, committed 5376K, reserved 1114112K
  class space    used 487K, committed 640K, reserved 1048576K
}
Event: 2.160 GC heap after
{Heap after GC invocations=4 (full 0):
 garbage-first heap   total 262144K, used 26928K [0x0000000700c00000, 0x0000000800000000)
  region size 2048K, 7 young (14336K), 7 survivors (14336K)
 Metaspace       used 5131K, committed 5376K, reserved 1114112K
  class space    used 487K, committed 640K, reserved 1048576K
}
Event: 2.756 GC heap before
{Heap before GC invocations=4 (full 0):
 garbage-first heap   total 262144K, used 170288K [0x0000000700c00000, 0x0000000800000000)
  region size 2048K, 76 young (155648K), 7 survivors (14336K)
 Metaspace       used 5964K, committed 6208K, reserved 1114112K
  class space    used 577K, committed 704K, reserved 1048576K
}
Event: 2.763 GC heap after
{Heap after GC invocations=5 (full 0):
 garbage-first heap   total 262144K, used 35298K [0x0000000700c00000, 0x0000000800000000)
  region size 2048K, 7 young (14336K), 7 survivors (14336K)
 Metaspace       used 5964K, committed 6208K, reserved 1114112K
  class space    used 577K, committed 704K, reserved 1048576K
}

Dll operation events (10 events):
Event: 0.008 Loaded shared library C:\Program Files\Pylo\MCreator\jdk\bin\java.dll
Event: 0.029 Loaded shared library C:\Program Files\Pylo\MCreator\jdk\bin\jsvml.dll
Event: 0.164 Loaded shared library C:\Program Files\Pylo\MCreator\jdk\bin\net.dll
Event: 0.165 Loaded shared library C:\Program Files\Pylo\MCreator\jdk\bin\nio.dll
Event: 0.169 Loaded shared library C:\Program Files\Pylo\MCreator\jdk\bin\zip.dll
Event: 0.255 Loaded shared library C:\Program Files\Pylo\MCreator\jdk\bin\jimage.dll
Event: 0.716 Loaded shared library C:\Program Files\Pylo\MCreator\jdk\bin\verify.dll
Event: 3.120 Loaded shared library C:\Program Files\Pylo\MCreator\jdk\bin\management.dll
Event: 3.123 Loaded shared library C:\Program Files\Pylo\MCreator\jdk\bin\management_ext.dll
Event: 3.905 Loaded shared library C:\Users\habibii\AppData\Local\Temp\lwjglhabibii\3.3.1-build-7\lwjgl.dll

Deoptimization events (20 events):
Event: 3.834 Thread 0x000002016f9d4c50 DEOPT PACKING pc=0x0000020107c33fb0 sp=0x000000b1c13fe6c0
Event: 3.834 Thread 0x000002016f9d4c50 DEOPT UNPACKING pc=0x00000201075869a3 sp=0x000000b1c13fe640 mode 2
Event: 3.834 Thread 0x000002016f9d4c50 Uncommon trap: trap_request=0xffffffde fr.pc=0x0000020107c33fb0 relative=0x0000000000000090
Event: 3.834 Thread 0x000002016f9d4c50 Uncommon trap: reason=class_check action=maybe_recompile pc=0x0000020107c33fb0 method=java.util.AbstractList$RandomAccessSpliterator.getFence()I @ 34 c2
Event: 3.834 Thread 0x000002016f9d4c50 DEOPT PACKING pc=0x0000020107c33fb0 sp=0x000000b1c13fe6c0
Event: 3.834 Thread 0x000002016f9d4c50 DEOPT UNPACKING pc=0x00000201075869a3 sp=0x000000b1c13fe640 mode 2
Event: 3.835 Thread 0x000002016f9d4c50 DEOPT PACKING pc=0x00000201000107e5 sp=0x000000b1c13fdfc0
Event: 3.835 Thread 0x000002016f9d4c50 DEOPT UNPACKING pc=0x0000020107587143 sp=0x000000b1c13fd410 mode 0
Event: 3.835 Thread 0x000002016f9d4c50 Uncommon trap: trap_request=0xffffffde fr.pc=0x0000020107c33fb0 relative=0x0000000000000090
Event: 3.835 Thread 0x000002016f9d4c50 Uncommon trap: reason=class_check action=maybe_recompile pc=0x0000020107c33fb0 method=java.util.AbstractList$RandomAccessSpliterator.getFence()I @ 34 c2
Event: 3.835 Thread 0x000002016f9d4c50 DEOPT PACKING pc=0x0000020107c33fb0 sp=0x000000b1c13fe6c0
Event: 3.835 Thread 0x000002016f9d4c50 DEOPT UNPACKING pc=0x00000201075869a3 sp=0x000000b1c13fe640 mode 2
Event: 3.839 Thread 0x000002016f9d4c50 Uncommon trap: trap_request=0xffffffde fr.pc=0x0000020107ba636c relative=0x00000000000000cc
Event: 3.839 Thread 0x000002016f9d4c50 Uncommon trap: reason=class_check action=maybe_recompile pc=0x0000020107ba636c method=java.util.stream.AbstractPipeline.exactOutputSizeIfKnown(Ljava/util/Spliterator;)J @ 16 c2
Event: 3.839 Thread 0x000002016f9d4c50 DEOPT PACKING pc=0x0000020107ba636c sp=0x000000b1c13fedc0
Event: 3.839 Thread 0x000002016f9d4c50 DEOPT UNPACKING pc=0x00000201075869a3 sp=0x000000b1c13fed40 mode 2
Event: 3.976 Thread 0x000002015ceea590 Uncommon trap: trap_request=0xffffff45 fr.pc=0x0000020107b77424 relative=0x0000000000000104
Event: 3.976 Thread 0x000002015ceea590 Uncommon trap: reason=unstable_if action=reinterpret pc=0x0000020107b77424 method=java.util.concurrent.TimeUnit.convert(JLjava/util/concurrent/TimeUnit;)J @ 8 c2
Event: 3.976 Thread 0x000002015ceea590 DEOPT PACKING pc=0x0000020107b77424 sp=0x000000b1c31ff100
Event: 3.976 Thread 0x000002015ceea590 DEOPT UNPACKING pc=0x00000201075869a3 sp=0x000000b1c31ff0b0 mode 2

Classes unloaded (0 events):
No events

Classes redefined (0 events):
No events

Internal exceptions (20 events):
Event: 3.797 Thread 0x000002016f9d4c50 Exception <a 'java/lang/NoSuchMethodError'{0x000000070bfecc60}: 'java.lang.Object java.lang.invoke.DirectMethodHandle$Holder.invokeInterface(java.lang.Object, java.lang.Object, java.lang.Object, java.lang.Object)'> (0x000000070bfecc60) 
thrown [s\src\hotspot\share\interpreter\linkResolver.cpp, line 759]
Event: 3.798 Thread 0x000002016f9d4c50 Exception <a 'java/lang/NoSuchMethodError'{0x000000070bffd9a0}: 'void java.lang.invoke.DirectMethodHandle$Holder.invokeStaticInit(java.lang.Object, java.lang.Object)'> (0x000000070bffd9a0) 
thrown [s\src\hotspot\share\interpreter\linkResolver.cpp, line 759]
Event: 3.799 Thread 0x000002016f9d4c50 Exception <a 'java/lang/NoSuchMethodError'{0x000000070bc0a6c0}: 'java.lang.Object java.lang.invoke.DirectMethodHandle$Holder.invokeStaticInit(java.lang.Object, java.lang.Object, java.lang.Object, java.lang.Object)'> (0x000000070bc0a6c0) 
thrown [s\src\hotspot\share\interpreter\linkResolver.cpp, line 759]
Event: 3.799 Thread 0x000002016f9d4c50 Exception <a 'java/lang/IncompatibleClassChangeError'{0x000000070bc0ff68}: Found class java.lang.Object, but interface was expected> (0x000000070bc0ff68) 
thrown [s\src\hotspot\share\interpreter\linkResolver.cpp, line 826]
Event: 3.803 Thread 0x000002016f9d4c50 Exception <a 'java/lang/IncompatibleClassChangeError'{0x000000070bc45110}: Found class java.lang.Object, but interface was expected> (0x000000070bc45110) 
thrown [s\src\hotspot\share\interpreter\linkResolver.cpp, line 826]
Event: 3.831 Thread 0x000002016f9d4c50 Exception <a 'sun/nio/fs/WindowsException'{0x000000070bddb860}> (0x000000070bddb860) 
thrown [s\src\hotspot\share\prims\jni.cpp, line 516]
Event: 3.840 Thread 0x000002016f9d4c50 Exception <a 'java/lang/NoSuchMethodError'{0x000000070ba1e058}: 'java.lang.Object java.lang.invoke.DirectMethodHandle$Holder.invokeVirtual(java.lang.Object, java.lang.Object, java.lang.Object)'> (0x000000070ba1e058) 
thrown [s\src\hotspot\share\interpreter\linkResolver.cpp, line 759]
Event: 3.866 Thread 0x000002016f9d4c50 Exception <a 'java/lang/NoSuchMethodError'{0x000000070bb64e40}: 'java.lang.Object java.lang.invoke.DirectMethodHandle$Holder.invokeStatic(java.lang.Object, int, java.lang.Object, java.lang.Object, java.lang.Object, java.lang.Object)'> (0x000000070bb64e40) 
thrown [s\src\hotspot\share\interpreter\linkResolver.cpp, line 759]
Event: 3.867 Thread 0x000002016f9d4c50 Exception <a 'java/lang/NoSuchMethodError'{0x000000070bb6d668}: 'java.lang.Object java.lang.invoke.DirectMethodHandle$Holder.newInvokeSpecial(java.lang.Object, int, java.lang.Object, java.lang.Object)'> (0x000000070bb6d668) 
thrown [s\src\hotspot\share\interpreter\linkResolver.cpp, line 759]
Event: 3.867 Thread 0x000002016f9d4c50 Exception <a 'java/lang/NoSuchMethodError'{0x000000070bb71770}: 'java.lang.Object java.lang.invoke.DirectMethodHandle$Holder.invokeSpecial(java.lang.Object, java.lang.Object, int, java.lang.Object, java.lang.Object)'> (0x000000070bb71770) 
thrown [s\src\hotspot\share\interpreter\linkResolver.cpp, line 759]
Event: 3.903 Thread 0x000002016f9d4c50 Exception <a 'sun/nio/fs/WindowsException'{0x000000070b9ed198}> (0x000000070b9ed198) 
thrown [s\src\hotspot\share\prims\jni.cpp, line 516]
Event: 3.903 Thread 0x000002016f9d4c50 Exception <a 'sun/nio/fs/WindowsException'{0x000000070b9ed4f8}> (0x000000070b9ed4f8) 
thrown [s\src\hotspot\share\prims\jni.cpp, line 516]
Event: 3.917 Thread 0x000002016f9d4c50 Exception <a 'sun/nio/fs/WindowsException'{0x000000070b7e4a28}> (0x000000070b7e4a28) 
thrown [s\src\hotspot\share\prims\jni.cpp, line 516]
Event: 3.917 Thread 0x000002016f9d4c50 Exception <a 'sun/nio/fs/WindowsException'{0x000000070b7e4da8}> (0x000000070b7e4da8) 
thrown [s\src\hotspot\share\prims\jni.cpp, line 516]
Event: 3.928 Thread 0x000002016f9d4c50 Exception <a 'java/lang/NoSuchMethodError'{0x000000070b51eaa8}: 'int java.lang.invoke.DirectMethodHandle$Holder.invokeStaticInit(java.lang.Object, java.lang.Object, int, long)'> (0x000000070b51eaa8) 
thrown [s\src\hotspot\share\interpreter\linkResolver.cpp, line 759]
Event: 3.928 Thread 0x000002016f9d4c50 Exception <a 'java/lang/NoSuchMethodError'{0x000000070b524638}: 'java.lang.Object java.lang.invoke.DirectMethodHandle$Holder.newInvokeSpecial(java.lang.Object, java.lang.Object, int)'> (0x000000070b524638) 
thrown [s\src\hotspot\share\interpreter\linkResolver.cpp, line 759]
Event: 3.930 Thread 0x000002016f9d4c50 Exception <a 'java/lang/NoSuchMethodError'{0x000000070b538518}: 'int java.lang.invoke.DirectMethodHandle$Holder.invokeStaticInit(java.lang.Object, java.lang.Object, long, long)'> (0x000000070b538518) 
thrown [s\src\hotspot\share\interpreter\linkResolver.cpp, line 759]
Event: 3.931 Thread 0x000002016f9d4c50 Exception <a 'java/lang/NoSuchMethodError'{0x000000070b53e470}: 'java.lang.Object java.lang.invoke.DirectMethodHandle$Holder.newInvokeSpecial(java.lang.Object, java.lang.Object, long)'> (0x000000070b53e470) 
thrown [s\src\hotspot\share\interpreter\linkResolver.cpp, line 759]
Event: 3.931 Thread 0x000002016f9d4c50 Exception <a 'java/lang/NoSuchMethodError'{0x000000070b541fe0}: 'java.lang.Object java.lang.invoke.Invokers$Holder.linkToTargetMethod(java.lang.Object, long, java.lang.Object)'> (0x000000070b541fe0) 
thrown [s\src\hotspot\share\interpreter\linkResolver.cpp, line 759]
Event: 3.931 Thread 0x000002016f9d4c50 Exception <a 'java/lang/NoSuchMethodError'{0x000000070b549758}: 'int java.lang.invoke.DirectMethodHandle$Holder.invokeStaticInit(java.lang.Object, java.lang.Object, java.lang.Object, long)'> (0x000000070b549758) 
thrown [s\src\hotspot\share\interpreter\linkResolver.cpp, line 759]

VM Operations (20 events):
Event: 3.472 Executing VM operation: HandshakeAllThreads
Event: 3.472 Executing VM operation: HandshakeAllThreads done
Event: 3.474 Executing VM operation: HandshakeAllThreads
Event: 3.474 Executing VM operation: HandshakeAllThreads done
Event: 3.476 Executing VM operation: HandshakeAllThreads
Event: 3.476 Executing VM operation: HandshakeAllThreads done
Event: 3.538 Executing VM operation: HandshakeAllThreads
Event: 3.538 Executing VM operation: HandshakeAllThreads done
Event: 3.538 Executing VM operation: HandshakeAllThreads
Event: 3.538 Executing VM operation: HandshakeAllThreads done
Event: 3.568 Executing VM operation: HandshakeAllThreads
Event: 3.568 Executing VM operation: HandshakeAllThreads done
Event: 3.654 Executing VM operation: HandshakeAllThreads
Event: 3.654 Executing VM operation: HandshakeAllThreads done
Event: 3.733 Executing VM operation: HandshakeAllThreads
Event: 3.733 Executing VM operation: HandshakeAllThreads done
Event: 3.907 Executing VM operation: ICBufferFull
Event: 3.907 Executing VM operation: ICBufferFull done
Event: 3.977 Executing VM operation: HandshakeAllThreads
Event: 3.977 Executing VM operation: HandshakeAllThreads done

Events (20 events):
Event: 3.926 loading class java/nio/DirectDoubleBufferU done
Event: 3.927 loading class java/util/function/LongPredicate
Event: 3.927 loading class java/util/function/LongPredicate done
Event: 3.933 loading class java/nio/InvalidMarkException
Event: 3.933 loading class java/nio/InvalidMarkException done
Event: 3.933 loading class java/nio/BufferUnderflowException
Event: 3.933 loading class java/nio/BufferUnderflowException done
Event: 3.975 loading class java/util/concurrent/ScheduledThreadPoolExecutor$ScheduledFutureTask
Event: 3.975 loading class java/util/concurrent/FutureTask
Event: 3.975 loading class java/util/concurrent/FutureTask done
Event: 3.975 loading class java/util/concurrent/ScheduledThreadPoolExecutor$ScheduledFutureTask done
Event: 3.975 loading class java/util/concurrent/FutureTask$WaitNode
Event: 3.975 loading class java/util/concurrent/FutureTask$WaitNode done
Event: 3.975 loading class java/util/concurrent/Executors$RunnableAdapter
Event: 3.975 loading class java/util/concurrent/Executors$RunnableAdapter done
Event: 3.976 Thread 0x000002015ceea590 Thread added: 0x000002015ceea590
Event: 3.976 loading class java/util/concurrent/locks/AbstractQueuedSynchronizer$ConditionNode
Event: 3.976 loading class java/util/concurrent/ForkJoinPool$ManagedBlocker
Event: 3.976 loading class java/util/concurrent/ForkJoinPool$ManagedBlocker done
Event: 3.976 loading class java/util/concurrent/locks/AbstractQueuedSynchronizer$ConditionNode done


Dynamic libraries:
0x00007ff6ded40000 - 0x00007ff6ded4e000 	C:\Program Files\Pylo\MCreator\jdk\bin\java.exe
0x00007ffeeb190000 - 0x00007ffeeb388000 	C:\Windows\SYSTEM32\ntdll.dll
0x00007ffeea7c0000 - 0x00007ffeea87d000 	C:\Windows\System32\KERNEL32.DLL
0x00007ffee8cf0000 - 0x00007ffee8fe6000 	C:\Windows\System32\KERNELBASE.dll
0x00007ffee90c0000 - 0x00007ffee91c0000 	C:\Windows\System32\ucrtbase.dll
0x00007ffedabb0000 - 0x00007ffedabc7000 	C:\Program Files\Pylo\MCreator\jdk\bin\jli.dll
0x00007ffedab90000 - 0x00007ffedabab000 	C:\Program Files\Pylo\MCreator\jdk\bin\VCRUNTIME140.dll
0x00007ffee91c0000 - 0x00007ffee935e000 	C:\Windows\System32\USER32.dll
0x00007ffedc450000 - 0x00007ffedc6ea000 	C:\Windows\WinSxS\amd64_microsoft.windows.common-controls_6595b64144ccf1df_6.0.19041.3636_none_60b6a03d71f818d5\COMCTL32.dll
0x00007ffee9090000 - 0x00007ffee90b2000 	C:\Windows\System32\win32u.dll
0x00007ffeea630000 - 0x00007ffeea65b000 	C:\Windows\System32\GDI32.dll
0x00007ffee9f40000 - 0x00007ffee9fde000 	C:\Windows\System32\msvcrt.dll
0x00007ffee89d0000 - 0x00007ffee8ae7000 	C:\Windows\System32\gdi32full.dll
0x00007ffee8af0000 - 0x00007ffee8b8d000 	C:\Windows\System32\msvcp_win.dll
0x00007ffeea590000 - 0x00007ffeea5c2000 	C:\Windows\System32\IMM32.DLL
0x00007ffee44c0000 - 0x00007ffee44cc000 	C:\Program Files\Pylo\MCreator\jdk\bin\vcruntime140_1.dll
0x00007ffeda020000 - 0x00007ffeda0ad000 	C:\Program Files\Pylo\MCreator\jdk\bin\msvcp140.dll
0x00007ffeadea0000 - 0x00007ffeaeb01000 	C:\Program Files\Pylo\MCreator\jdk\bin\server\jvm.dll
0x00007ffee9ad0000 - 0x00007ffee9b80000 	C:\Windows\System32\ADVAPI32.dll
0x00007ffeea3e0000 - 0x00007ffeea480000 	C:\Windows\System32\sechost.dll
0x00007ffee9b80000 - 0x00007ffee9ca5000 	C:\Windows\System32\RPCRT4.dll
0x00007ffee8ff0000 - 0x00007ffee9017000 	C:\Windows\System32\bcrypt.dll
0x00007ffedbe90000 - 0x00007ffedbe99000 	C:\Windows\SYSTEM32\WSOCK32.dll
0x00007ffee7d90000 - 0x00007ffee7ddb000 	C:\Windows\SYSTEM32\POWRPROF.dll
0x00007ffee2880000 - 0x00007ffee288a000 	C:\Windows\SYSTEM32\VERSION.dll
0x00007ffed7ed0000 - 0x00007ffed7ef7000 	C:\Windows\SYSTEM32\WINMM.dll
0x00007ffeea660000 - 0x00007ffeea6cb000 	C:\Windows\System32\WS2_32.dll
0x00007ffee7c50000 - 0x00007ffee7c62000 	C:\Windows\SYSTEM32\UMPDC.dll
0x00007ffee6710000 - 0x00007ffee6722000 	C:\Windows\SYSTEM32\kernel.appcore.dll
0x00007ffedbdc0000 - 0x00007ffedbdca000 	C:\Program Files\Pylo\MCreator\jdk\bin\jimage.dll
0x00007ffee2e20000 - 0x00007ffee3004000 	C:\Windows\SYSTEM32\DBGHELP.DLL
0x00007ffed5490000 - 0x00007ffed54c4000 	C:\Windows\SYSTEM32\dbgcore.DLL
0x00007ffee88f0000 - 0x00007ffee8972000 	C:\Windows\System32\bcryptPrimitives.dll
0x00007ffeda8d0000 - 0x00007ffeda8f5000 	C:\Program Files\Pylo\MCreator\jdk\bin\java.dll
0x00007ffed5d80000 - 0x00007ffed5e57000 	C:\Program Files\Pylo\MCreator\jdk\bin\jsvml.dll
0x00007ffee9360000 - 0x00007ffee9acb000 	C:\Windows\System32\SHELL32.dll
0x00007ffee6910000 - 0x00007ffee70ae000 	C:\Windows\SYSTEM32\windows.storage.dll
0x00007ffee9fe0000 - 0x00007ffeea333000 	C:\Windows\System32\combase.dll
0x00007ffee8270000 - 0x00007ffee829e000 	C:\Windows\SYSTEM32\Wldp.dll
0x00007ffee9cc0000 - 0x00007ffee9d8d000 	C:\Windows\System32\OLEAUT32.dll
0x00007ffeea480000 - 0x00007ffeea52d000 	C:\Windows\System32\SHCORE.dll
0x00007ffeea5d0000 - 0x00007ffeea625000 	C:\Windows\System32\shlwapi.dll
0x00007ffee8770000 - 0x00007ffee8795000 	C:\Windows\SYSTEM32\profapi.dll
0x00007ffeda8b0000 - 0x00007ffeda8c9000 	C:\Program Files\Pylo\MCreator\jdk\bin\net.dll
0x00007ffee2470000 - 0x00007ffee257a000 	C:\Windows\SYSTEM32\WINHTTP.dll
0x00007ffee7fd0000 - 0x00007ffee803a000 	C:\Windows\system32\mswsock.dll
0x00007ffeda710000 - 0x00007ffeda726000 	C:\Program Files\Pylo\MCreator\jdk\bin\nio.dll
0x00007ffeda580000 - 0x00007ffeda598000 	C:\Program Files\Pylo\MCreator\jdk\bin\zip.dll
0x00007ffed9fc0000 - 0x00007ffed9fd0000 	C:\Program Files\Pylo\MCreator\jdk\bin\verify.dll
0x00007ffeda8a0000 - 0x00007ffeda8a9000 	C:\Program Files\Pylo\MCreator\jdk\bin\management.dll
0x00007ffeda570000 - 0x00007ffeda57b000 	C:\Program Files\Pylo\MCreator\jdk\bin\management_ext.dll
0x00007ffeea7b0000 - 0x00007ffeea7b8000 	C:\Windows\System32\PSAPI.DLL
0x00007ffe8fad0000 - 0x00007ffe8fae7000 	C:\Windows\system32\napinsp.dll
0x00007ffe8fb70000 - 0x00007ffe8fb8b000 	C:\Windows\system32\pnrpnsp.dll
0x00007ffecf4a0000 - 0x00007ffecf4b5000 	C:\Windows\system32\wshbth.dll
0x00007ffee4530000 - 0x00007ffee454d000 	C:\Windows\system32\NLAapi.dll
0x00007ffee7c70000 - 0x00007ffee7cab000 	C:\Windows\SYSTEM32\IPHLPAPI.DLL
0x00007ffee7cc0000 - 0x00007ffee7d8b000 	C:\Windows\SYSTEM32\DNSAPI.dll
0x00007ffee9cb0000 - 0x00007ffee9cb8000 	C:\Windows\System32\NSI.dll
0x00007ffea07a0000 - 0x00007ffea07b2000 	C:\Windows\System32\winrnr.dll
0x00007ffee21d0000 - 0x00007ffee21da000 	C:\Windows\System32\rasadhlp.dll
0x00007ffee1b30000 - 0x00007ffee1bb0000 	C:\Windows\System32\fwpuclnt.dll
0x00007ffea0eb0000 - 0x00007ffea0f25000 	C:\Users\habibii\AppData\Local\Temp\lwjglhabibii\3.3.1-build-7\lwjgl.dll
0x00007ffea0e40000 - 0x00007ffea0ea1000 	C:\Users\habibii\AppData\Local\Temp\lwjglhabibii\3.3.1-build-7\glfw.dll
0x00007ffea07d0000 - 0x00007ffea0815000 	C:\Windows\SYSTEM32\dinput8.dll
0x00007ffecb210000 - 0x00007ffecb221000 	C:\Windows\SYSTEM32\xinput1_4.dll
0x00007ffee8980000 - 0x00007ffee89ce000 	C:\Windows\System32\cfgmgr32.dll
0x00007ffee85d0000 - 0x00007ffee8603000 	C:\Windows\SYSTEM32\DEVOBJ.dll
0x00007ffee6530000 - 0x00007ffee655f000 	C:\Windows\SYSTEM32\dwmapi.dll
0x00007ffedb4d0000 - 0x00007ffedb622000 	C:\Windows\SYSTEM32\inputhost.dll
0x00007ffee5f00000 - 0x00007ffee5ff2000 	C:\Windows\SYSTEM32\CoreMessaging.dll
0x00007ffee5480000 - 0x00007ffee55d5000 	C:\Windows\SYSTEM32\wintypes.dll
0x00007ffee5ba0000 - 0x00007ffee5efb000 	C:\Windows\SYSTEM32\CoreUIComponents.dll
0x00007ffee2780000 - 0x00007ffee2876000 	C:\Windows\SYSTEM32\PROPSYS.dll
0x00007ffee79b0000 - 0x00007ffee79e3000 	C:\Windows\SYSTEM32\ntmarta.dll
0x00007ffee6240000 - 0x00007ffee62de000 	C:\Windows\system32\uxtheme.dll
0x00007ffeeaf50000 - 0x00007ffeeb065000 	C:\Windows\System32\MSCTF.dll
0x00007ffeb0090000 - 0x00007ffeb01b5000 	C:\Windows\SYSTEM32\opengl32.dll
0x00007ffecf0d0000 - 0x00007ffecf0fc000 	C:\Windows\SYSTEM32\GLU32.dll
0x00007ffeea880000 - 0x00007ffeea929000 	C:\Windows\System32\clbcatq.dll
0x00007ffeadb30000 - 0x00007ffeadb5d000 	C:\Windows\System32\DriverStore\FileRepository\u0390451.inf_amd64_39377efdd62734d1\B390182\atig6pxx.dll
0x00007ffe79fc0000 - 0x00007ffe7dbf5000 	C:\Windows\System32\DriverStore\FileRepository\u0390451.inf_amd64_39377efdd62734d1\B390182\atio6axx.dll
0x00007ffeeaae0000 - 0x00007ffeeaf4e000 	C:\Windows\System32\SETUPAPI.dll
0x00007ffee9020000 - 0x00007ffee9087000 	C:\Windows\System32\WINTRUST.dll
0x00007ffee8b90000 - 0x00007ffee8ced000 	C:\Windows\System32\CRYPT32.dll
0x00007ffee8400000 - 0x00007ffee8412000 	C:\Windows\SYSTEM32\MSASN1.dll

dbghelp: loaded successfully - version: 4.0.5 - missing functions: none
symbol engine: initialized successfully - sym options: 0x614 - pdb path: .;C:\Program Files\Pylo\MCreator\jdk\bin;C:\Windows\SYSTEM32;C:\Windows\WinSxS\amd64_microsoft.windows.common-controls_6595b64144ccf1df_6.0.19041.3636_none_60b6a03d71f818d5;C:\Program Files\Pylo\MCreator\jdk\bin\server;C:\Users\habibii\AppData\Local\Temp\lwjglhabibii\3.3.1-build-7;C:\Windows\System32\DriverStore\FileRepository\u0390451.inf_amd64_39377efdd62734d1\B390182

VM Arguments:
jvm_args: -Dforge.enableGameTest=true -Dforge.logging.console.level=debug -Dforge.logging.markers=REGISTRIES -DignoreList=bootstraplauncher,securejarhandler,asm-commons,asm-util,asm-analysis,asm-tree,asm,JarJarFileSystems,client-extra,fmlcore,javafmllanguage,lowcodelanguage,mclanguage,forge- -Djava.net.preferIPv6Addresses=system -DlegacyClassPath.file=C:\Users\habibii\MCreatorWorkspaces\chaincraft\build\classpath\runClient_minecraftClasspath.txt -DmergeModules=jna-5.10.0.jar,jna-platform-5.10.0.jar --module-path=C:\Users\habibii\.mcreator\gradle\caches\modules-2\files-2.1\cpw.mods\bootstraplauncher\1.1.2\c546e00443d8432cda6baa1c860346980742628\bootstraplauncher-1.1.2.jar;C:\Users\habibii\.mcreator\gradle\caches\modules-2\files-2.1\cpw.mods\securejarhandler\2.1.10\51e6a22c6c716beb11e244bf5b8be480f51dd6b5\securejarhandler-2.1.10.jar;C:\Users\habibii\.mcreator\gradle\caches\modules-2\files-2.1\org.ow2.asm\asm-commons\9.5\19ab5b5800a3910d30d3a3e64fdb00fd0cb42de0\asm-commons-9.5.jar;C:\Users\habibii\.mcreator\gradle\caches\modules-2\files-2.1\org.ow2.asm\asm-util\9.5\64b5a1fc8c1b15ed2efd6a063e976bc8d3dc5ffe\asm-util-9.5.jar;C:\Users\habibii\.mcreator\gradle\caches\modules-2\files-2.1\org.ow2.asm\asm-analysis\9.5\490bacc77de7cbc0be1a30bb3471072d705be4a4\asm-analysis-9.5.jar;C:\Users\habibii\.mcreator\gradle\caches\modules-2\files-2.1\org.ow2.asm\asm-tree\9.5\fd33c8b6373abaa675be407082fdfda35021254a\asm-tree-9.5.jar;C:\Users\habibii\.mcreator\gradle\caches\modules-2\files-2.1\org.ow2.asm\asm\9.5\dc6ea1875f4d64fbc85e1691c95b96a3d8569c90\asm-9.5.jar;C:\Users\habibii\.mcreator\gradle\caches\modules-2\files-2.1\net.minecraftforge\JarJarFileSystems\0.3.19\2464eb7d6b9ddb9db36a82cf8a95193e5c6fe020\JarJarFileSystems-0.3.19.jar --add-modules=ALL-MODULE-PATH --add-opens=java.base/java.util.jar=cpw.mods.securejarhandler --add-opens=java.base/java.lang.invoke=cpw.mods.securejarhandler --add-exports=java.base/sun.security.util=cpw.mods.securejarhandler --add-exports=jdk.naming.dns/com.sun.jndi.dns=java.naming -XX:HeapDumpPath=MojangTricksIntelDriversForPerformance_javaw.exe_minecraft.exe.heapdump -Dfile.encoding=UTF-8 -Duser.country=US -Duser.language=en -Duser.variant 
java_command: cpw.mods.bootstraplauncher.BootstrapLauncher --launchTarget forgeclientuserdev --version MOD_DEV --assetIndex 5 --assetsDir C:\Users\habibii\.mcreator\gradle\caches\forge_gradle\assets --gameDir . --fml.forgeVersion 47.2.0 --fml.mcVersion 1.20.1 --fml.forgeGroup net.minecraftforge --fml.mcpVersion 20230612.114412
java_class_path (initial): C:\Users\habibii\MCreatorWorkspaces\chaincraft\build\classes\java\main;C:\Users\habibii\MCreatorWorkspaces\chaincraft\build\resources\main;C:\Users\habibii\.mcreator\gradle\caches\forge_gradle\minecraft_user_repo\net\minecraftforge\forge\1.20.1-47.2.0_mapped_official_1.20.1\forge-1.20.1-47.2.0_mapped_official_1.20.1-recomp.jar;C:\Users\habibii\.mcreator\gradle\caches\forge_gradle\minecraft_repo\versions\1.20.1\client-extra.jar;C:\Users\habibii\.mcreator\gradle\caches\modules-2\files-2.1\net.minecraftforge\fmlearlydisplay\1.20.1-47.2.0\4c56a03dcedcb909c7eaa8469dd5a36c493a0008\fmlearlydisplay-1.20.1-47.2.0.jar;C:\Users\habibii\.mcreator\gradle\caches\modules-2\files-2.1\net.minecraftforge\javafmllanguage\1.20.1-47.2.0\7f9181f85acc66547685a72020713fc8cbde98\javafmllanguage-1.20.1-47.2.0.jar;C:\Users\habibii\.mcreator\gradle\caches\modules-2\files-2.1\net.minecraftforge\lowcodelanguage\1.20.1-47.2.0\7872f5205685fdd26fae39b1be79b0e60ca5b7bd\lowcodelanguage-1.20.1-47.2.0.jar;C:\Users\habibii\.mcreator\gradle\caches\modules-2\files-2.1\net.minecraftforge\mclanguage\1.20.1-47.2.0\d501d161cabed08b3c139a2c6217b02a39f3c3e9\mclanguage-1.20.1-47.2.0.jar;C:\Users\habibii\.mcreator\gradle\caches\modules-2\files-2.1\net.minecraftforge\fmlcore\1.20.1-47.2.0\ffd3c6debac0a388c9e33ac43c9f5eafb91cb466\fmlcore-1.20.1-47.2.0.jar;C:\Users\habibii\.mcreator\gradle\caches\modules-2\files-2.1\net.minecraftforge\fmlloader\1.20.1-47.2.0\7811231940c0a8b6008453bbc64fdf7fa1280fe9\fmlloader-1.20.1-47.2.0.jar;C:\Users\habibii\.mcreator\gradle\caches\modules-2\files-2.1\net.minecraftforge\JarJarSelector\0.3.19\376cc9c8ea60720cf027c01fc033de915699801c\JarJarSelector-0.3.19.jar;C:\Users\habibii\.mcreator\gradle\caches\modules-2\files-2.1\net.minecraftforge\JarJarMetadata\0.3.19\83feaa9b770e6ac0e96ee4fc23fa89325c5fe2\JarJarMetadata-0.3.19.jar;C:\Users\habibii\.mcreator\gradle\caches\modules-2\files-2.1\com.google.guava\guava\31.1-jre\60458f877d055d0c9114d9e1a2efb737b4bc282c\
Launcher Type: SUN_STANDARD

[Global flags]
     intx CICompilerCount                          = 4                                         {product} {ergonomic}
     uint ConcGCThreads                            = 3                                         {product} {ergonomic}
     uint G1ConcRefinementThreads                  = 10                                        {product} {ergonomic}
   size_t G1HeapRegionSize                         = 2097152                                   {product} {ergonomic}
    uintx GCDrainStackTargetSize                   = 64                                        {product} {ergonomic}
    ccstr HeapDumpPath                             = MojangTricksIntelDriversForPerformance_javaw.exe_minecraft.exe.heapdump         {manageable} {command line}
   size_t InitialHeapSize                          = 268435456                                 {product} {ergonomic}
   size_t MarkStackSize                            = 4194304                                   {product} {ergonomic}
   size_t MaxHeapSize                              = 4282384384                                {product} {ergonomic}
   size_t MaxNewSize                               = 2569011200                                {product} {ergonomic}
   size_t MinHeapDeltaBytes                        = 2097152                                   {product} {ergonomic}
   size_t MinHeapSize                              = 8388608                                   {product} {ergonomic}
    uintx NonNMethodCodeHeapSize                   = 5839372                                {pd product} {ergonomic}
    uintx NonProfiledCodeHeapSize                  = 122909434                              {pd product} {ergonomic}
    uintx ProfiledCodeHeapSize                     = 122909434                              {pd product} {ergonomic}
    uintx ReservedCodeCacheSize                    = 251658240                              {pd product} {ergonomic}
     bool SegmentedCodeCache                       = true                                      {product} {ergonomic}
   size_t SoftMaxHeapSize                          = 4282384384                             {manageable} {ergonomic}
     bool UseCompressedClassPointers               = true                           {product lp64_product} {ergonomic}
     bool UseCompressedOops                        = true                           {product lp64_product} {ergonomic}
     bool UseG1GC                                  = true                                      {product} {ergonomic}
     bool UseLargePagesIndividualAllocation        = false                                  {pd product} {ergonomic}

Logging:
Log output configuration:
 #0: stdout all=warning uptime,level,tags
 #1: stderr all=off uptime,level,tags

Environment Variables:
JAVA_HOME=C:\Program Files\Pylo\MCreator\jdk
PATH=C:\Program Files\Eclipse Adoptium\jdk-21.0.2.13-hotspot\bin;C:\Program Files (x86)\VMware\VMware Workstation\bin\;C:\Windows\system32;C:\Windows;C:\Windows\System32\Wbem;C:\Windows\System32\WindowsPowerShell\v1.0\;C:\Windows\System32\OpenSSH\;C:\Program Files\nodejs\;C:\Program Files\Git\cmd;C:\Users\habibii\AppData\Local\Programs\Python\Python312\Scripts\;C:\Users\habibii\AppData\Local\Programs\Python\Python312\;C:\Users\habibii\AppData\Local\Programs\Python\Launcher\;C:\Users\habibii\AppData\Local\Microsoft\WindowsApps;C:\Users\habibii\AppData\Local\Programs\Microsoft VS Code\bin;C:\Users\habibii\AppData\Roaming\npm;C:\ffmpeg;;C:\Program Files\Pylo\MCreator\jdk\bin
USERNAME=habibii
OS=Windows_NT
PROCESSOR_IDENTIFIER=AMD64 Family 23 Model 8 Stepping 2, AuthenticAMD
TMP=C:\Users\habibii\AppData\Local\Temp
TEMP=C:\Users\habibii\AppData\Local\Temp



Periodic native trim disabled


---------------  S Y S T E M  ---------------

OS:
 Windows 10 , 64 bit Build 19041 (10.0.19041.3636)
OS uptime: 1 days 0:53 hours

CPU: total 12 (initial active 12) (12 cores per cpu, 2 threads per core) family 23 model 8 stepping 2 microcode 0x0, cx8, cmov, fxsr, ht, mmx, 3dnowpref, sse, sse2, sse3, ssse3, sse4a, sse4.1, sse4.2, popcnt, lzcnt, tsc, tscinvbit, avx, avx2, aes, clmul, bmi1, bmi2, adx, sha, fma, vzeroupper, clflush, clflushopt
Processor Information for all 12 processors :
  Max Mhz: 3200, Current Mhz: 3200, Mhz Limit: 3200

Memory: 4k page, system-wide physical 16332M (6469M free)
TotalPageFile size 19626M (AvailPageFile size 4122M)
current process WorkingSet (physical memory assigned to process): 307M, peak: 315M
current process commit charge ("private bytes"): 427M, peak: 435M

vm_info: OpenJDK 64-Bit Server VM (17.0.9+9) for windows-amd64 JRE (17.0.9+9), built on Oct 26 2023 14:01:42 by "admin" with MS VC++ 16.10 / 16.11 (VS2019)

END.
